0 info it worked if it ends with ok
1 verbose cli [ 'C:\\Program Files\\nodejs\\node.exe',
1 verbose cli   'C:\\Program Files\\nodejs\\node_modules\\npm\\bin\\npm-cli.js',
1 verbose cli   'install',
1 verbose cli   '--save',
1 verbose cli   '--save-exact',
1 verbose cli   'ws',
1 verbose cli   'bufferutil',
1 verbose cli   'utf-8-validate' ]
2 info using npm@3.8.3
3 info using node@v5.10.0
4 silly loadCurrentTree Starting
5 silly install loadCurrentTree
6 silly install readLocalPackageData
7 silly fetchPackageMetaData ws
8 silly fetchPackageMetaData bufferutil
9 silly fetchPackageMetaData utf-8-validate
10 silly fetchNamedPackageData ws
11 silly mapToRegistry name ws
12 silly mapToRegistry using default registry
13 silly mapToRegistry registry https://registry.npmjs.org/
14 silly mapToRegistry data Result {
14 silly mapToRegistry   raw: 'ws',
14 silly mapToRegistry   scope: null,
14 silly mapToRegistry   name: 'ws',
14 silly mapToRegistry   rawSpec: '',
14 silly mapToRegistry   spec: 'latest',
14 silly mapToRegistry   type: 'tag' }
15 silly mapToRegistry uri https://registry.npmjs.org/ws
16 silly fetchNamedPackageData bufferutil
17 silly mapToRegistry name bufferutil
18 silly mapToRegistry using default registry
19 silly mapToRegistry registry https://registry.npmjs.org/
20 silly mapToRegistry data Result {
20 silly mapToRegistry   raw: 'bufferutil',
20 silly mapToRegistry   scope: null,
20 silly mapToRegistry   name: 'bufferutil',
20 silly mapToRegistry   rawSpec: '',
20 silly mapToRegistry   spec: 'latest',
20 silly mapToRegistry   type: 'tag' }
21 silly mapToRegistry uri https://registry.npmjs.org/bufferutil
22 silly fetchNamedPackageData utf-8-validate
23 silly mapToRegistry name utf-8-validate
24 silly mapToRegistry using default registry
25 silly mapToRegistry registry https://registry.npmjs.org/
26 silly mapToRegistry data Result {
26 silly mapToRegistry   raw: 'utf-8-validate',
26 silly mapToRegistry   scope: null,
26 silly mapToRegistry   name: 'utf-8-validate',
26 silly mapToRegistry   rawSpec: '',
26 silly mapToRegistry   spec: 'latest',
26 silly mapToRegistry   type: 'tag' }
27 silly mapToRegistry uri https://registry.npmjs.org/utf-8-validate
28 verbose request uri https://registry.npmjs.org/bufferutil
29 verbose request no auth needed
30 info attempt registry request try #1 at 12:47:41 PM
31 verbose request id b2b8a65ea90d1367
32 http request GET https://registry.npmjs.org/bufferutil
33 verbose request uri https://registry.npmjs.org/utf-8-validate
34 verbose request no auth needed
35 info attempt registry request try #1 at 12:47:41 PM
36 http request GET https://registry.npmjs.org/utf-8-validate
37 verbose request uri https://registry.npmjs.org/ws
38 verbose request no auth needed
39 info attempt registry request try #1 at 12:47:41 PM
40 verbose etag "68Q2CMYLVDQTJU1ZHAME9HYSE"
41 http request GET https://registry.npmjs.org/ws
42 http 304 https://registry.npmjs.org/ws
43 verbose headers { date: 'Fri, 08 Jul 2016 19:47:41 GMT',
43 verbose headers   via: '1.1 varnish',
43 verbose headers   'cache-control': 'max-age=300',
43 verbose headers   etag: '"68Q2CMYLVDQTJU1ZHAME9HYSE"',
43 verbose headers   age: '264',
43 verbose headers   connection: 'keep-alive',
43 verbose headers   'x-served-by': 'cache-sjc3646-SJC',
43 verbose headers   'x-cache': 'HIT',
43 verbose headers   'x-cache-hits': '2',
43 verbose headers   'x-timer': 'S1468007261.194933,VS0,VE0',
43 verbose headers   vary: 'Accept-Encoding' }
44 silly get cb [ 304,
44 silly get   { date: 'Fri, 08 Jul 2016 19:47:41 GMT',
44 silly get     via: '1.1 varnish',
44 silly get     'cache-control': 'max-age=300',
44 silly get     etag: '"68Q2CMYLVDQTJU1ZHAME9HYSE"',
44 silly get     age: '264',
44 silly get     connection: 'keep-alive',
44 silly get     'x-served-by': 'cache-sjc3646-SJC',
44 silly get     'x-cache': 'HIT',
44 silly get     'x-cache-hits': '2',
44 silly get     'x-timer': 'S1468007261.194933,VS0,VE0',
44 silly get     vary: 'Accept-Encoding' } ]
45 verbose etag https://registry.npmjs.org/ws from cache
46 verbose get saving ws to C:\Users\yash\AppData\Roaming\npm-cache\registry.npmjs.org\ws\.cache.json
47 verbose correctMkdir C:\Users\yash\AppData\Roaming\npm-cache correctMkdir not in flight; initializing
48 http 200 https://registry.npmjs.org/bufferutil
49 verbose headers { server: 'CouchDB/1.5.0 (Erlang OTP/R16B03)',
49 verbose headers   etag: '"6CKCZ3GK2OCOMG5EA98XR44G4"',
49 verbose headers   'content-type': 'application/json',
49 verbose headers   'content-encoding': 'gzip',
49 verbose headers   'cache-control': 'max-age=300',
49 verbose headers   'content-length': '2048',
49 verbose headers   'accept-ranges': 'bytes',
49 verbose headers   date: 'Fri, 08 Jul 2016 19:47:41 GMT',
49 verbose headers   via: '1.1 varnish',
49 verbose headers   age: '122',
49 verbose headers   connection: 'keep-alive',
49 verbose headers   'x-served-by': 'cache-sjc3639-SJC',
49 verbose headers   'x-cache': 'HIT',
49 verbose headers   'x-cache-hits': '1',
49 verbose headers   'x-timer': 'S1468007261.195994,VS0,VE0',
49 verbose headers   vary: 'Accept-Encoding' }
50 silly get cb [ 200,
50 silly get   { server: 'CouchDB/1.5.0 (Erlang OTP/R16B03)',
50 silly get     etag: '"6CKCZ3GK2OCOMG5EA98XR44G4"',
50 silly get     'content-type': 'application/json',
50 silly get     'content-encoding': 'gzip',
50 silly get     'cache-control': 'max-age=300',
50 silly get     'content-length': '2048',
50 silly get     'accept-ranges': 'bytes',
50 silly get     date: 'Fri, 08 Jul 2016 19:47:41 GMT',
50 silly get     via: '1.1 varnish',
50 silly get     age: '122',
50 silly get     connection: 'keep-alive',
50 silly get     'x-served-by': 'cache-sjc3639-SJC',
50 silly get     'x-cache': 'HIT',
50 silly get     'x-cache-hits': '1',
50 silly get     'x-timer': 'S1468007261.195994,VS0,VE0',
50 silly get     vary: 'Accept-Encoding' } ]
51 verbose get saving bufferutil to C:\Users\yash\AppData\Roaming\npm-cache\registry.npmjs.org\bufferutil\.cache.json
52 verbose correctMkdir C:\Users\yash\AppData\Roaming\npm-cache correctMkdir not in flight; initializing
53 http 200 https://registry.npmjs.org/utf-8-validate
54 verbose headers { server: 'CouchDB/1.6.1 (Erlang OTP/R16B03)',
54 verbose headers   etag: '"E7XYFT7FUBMH6H6XYWMIRAGJ0"',
54 verbose headers   'content-type': 'application/json',
54 verbose headers   'content-encoding': 'gzip',
54 verbose headers   'cache-control': 'max-age=300',
54 verbose headers   'content-length': '1951',
54 verbose headers   'accept-ranges': 'bytes',
54 verbose headers   date: 'Fri, 08 Jul 2016 19:47:41 GMT',
54 verbose headers   via: '1.1 varnish',
54 verbose headers   age: '122',
54 verbose headers   connection: 'keep-alive',
54 verbose headers   'x-served-by': 'cache-sjc3123-SJC',
54 verbose headers   'x-cache': 'HIT',
54 verbose headers   'x-cache-hits': '2',
54 verbose headers   'x-timer': 'S1468007261.196240,VS0,VE0',
54 verbose headers   vary: 'Accept-Encoding' }
55 silly get cb [ 200,
55 silly get   { server: 'CouchDB/1.6.1 (Erlang OTP/R16B03)',
55 silly get     etag: '"E7XYFT7FUBMH6H6XYWMIRAGJ0"',
55 silly get     'content-type': 'application/json',
55 silly get     'content-encoding': 'gzip',
55 silly get     'cache-control': 'max-age=300',
55 silly get     'content-length': '1951',
55 silly get     'accept-ranges': 'bytes',
55 silly get     date: 'Fri, 08 Jul 2016 19:47:41 GMT',
55 silly get     via: '1.1 varnish',
55 silly get     age: '122',
55 silly get     connection: 'keep-alive',
55 silly get     'x-served-by': 'cache-sjc3123-SJC',
55 silly get     'x-cache': 'HIT',
55 silly get     'x-cache-hits': '2',
55 silly get     'x-timer': 'S1468007261.196240,VS0,VE0',
55 silly get     vary: 'Accept-Encoding' } ]
56 verbose get saving utf-8-validate to C:\Users\yash\AppData\Roaming\npm-cache\registry.npmjs.org\utf-8-validate\.cache.json
57 verbose correctMkdir C:\Users\yash\AppData\Roaming\npm-cache correctMkdir not in flight; initializing
58 silly install normalizeTree
59 silly loadCurrentTree Finishing
60 silly loadIdealTree Starting
61 silly install loadIdealTree
62 silly cloneCurrentTree Starting
63 silly install cloneCurrentTreeToIdealTree
64 silly cloneCurrentTree Finishing
65 silly loadShrinkwrap Starting
66 silly install loadShrinkwrap
67 silly loadShrinkwrap Finishing
68 silly loadAllDepsIntoIdealTree Starting
69 silly install loadAllDepsIntoIdealTree
70 silly resolveWithNewModule ws@1.1.1 checking installable status
71 silly cache add args [ 'ws', null ]
72 verbose cache add spec ws
73 silly resolveWithNewModule utf-8-validate@1.2.1 checking installable status
74 silly cache add args [ 'utf-8-validate', null ]
75 verbose cache add spec utf-8-validate
76 silly resolveWithNewModule bufferutil@1.2.1 checking installable status
77 silly cache add args [ 'bufferutil', null ]
78 verbose cache add spec bufferutil
79 silly cache add parsed spec Result {
79 silly cache add   raw: 'ws',
79 silly cache add   scope: null,
79 silly cache add   name: 'ws',
79 silly cache add   rawSpec: '',
79 silly cache add   spec: 'latest',
79 silly cache add   type: 'tag' }
80 silly addNamed ws@latest
81 verbose addNamed "latest" is being treated as a dist-tag for ws
82 info addNameTag [ 'ws', 'latest' ]
83 silly mapToRegistry name ws
84 silly mapToRegistry using default registry
85 silly mapToRegistry registry https://registry.npmjs.org/
86 silly mapToRegistry data Result {
86 silly mapToRegistry   raw: 'ws',
86 silly mapToRegistry   scope: null,
86 silly mapToRegistry   name: 'ws',
86 silly mapToRegistry   rawSpec: '',
86 silly mapToRegistry   spec: 'latest',
86 silly mapToRegistry   type: 'tag' }
87 silly mapToRegistry uri https://registry.npmjs.org/ws
88 verbose addNameTag registry:https://registry.npmjs.org/ws not in flight; fetching
89 silly cache add parsed spec Result {
89 silly cache add   raw: 'utf-8-validate',
89 silly cache add   scope: null,
89 silly cache add   name: 'utf-8-validate',
89 silly cache add   rawSpec: '',
89 silly cache add   spec: 'latest',
89 silly cache add   type: 'tag' }
90 silly addNamed utf-8-validate@latest
91 verbose addNamed "latest" is being treated as a dist-tag for utf-8-validate
92 info addNameTag [ 'utf-8-validate', 'latest' ]
93 silly mapToRegistry name utf-8-validate
94 silly mapToRegistry using default registry
95 silly mapToRegistry registry https://registry.npmjs.org/
96 silly mapToRegistry data Result {
96 silly mapToRegistry   raw: 'utf-8-validate',
96 silly mapToRegistry   scope: null,
96 silly mapToRegistry   name: 'utf-8-validate',
96 silly mapToRegistry   rawSpec: '',
96 silly mapToRegistry   spec: 'latest',
96 silly mapToRegistry   type: 'tag' }
97 silly mapToRegistry uri https://registry.npmjs.org/utf-8-validate
98 verbose addNameTag registry:https://registry.npmjs.org/utf-8-validate not in flight; fetching
99 silly cache add parsed spec Result {
99 silly cache add   raw: 'bufferutil',
99 silly cache add   scope: null,
99 silly cache add   name: 'bufferutil',
99 silly cache add   rawSpec: '',
99 silly cache add   spec: 'latest',
99 silly cache add   type: 'tag' }
100 silly addNamed bufferutil@latest
101 verbose addNamed "latest" is being treated as a dist-tag for bufferutil
102 info addNameTag [ 'bufferutil', 'latest' ]
103 silly mapToRegistry name bufferutil
104 silly mapToRegistry using default registry
105 silly mapToRegistry registry https://registry.npmjs.org/
106 silly mapToRegistry data Result {
106 silly mapToRegistry   raw: 'bufferutil',
106 silly mapToRegistry   scope: null,
106 silly mapToRegistry   name: 'bufferutil',
106 silly mapToRegistry   rawSpec: '',
106 silly mapToRegistry   spec: 'latest',
106 silly mapToRegistry   type: 'tag' }
107 silly mapToRegistry uri https://registry.npmjs.org/bufferutil
108 verbose addNameTag registry:https://registry.npmjs.org/bufferutil not in flight; fetching
109 verbose get https://registry.npmjs.org/utf-8-validate not expired, no request
110 silly addNameTag next cb for utf-8-validate with tag latest
111 silly addNamed utf-8-validate@1.2.1
112 verbose addNamed "1.2.1" is a plain semver version for utf-8-validate
113 verbose get https://registry.npmjs.org/ws not expired, no request
114 silly addNameTag next cb for ws with tag latest
115 silly addNamed ws@1.1.1
116 verbose addNamed "1.1.1" is a plain semver version for ws
117 verbose get https://registry.npmjs.org/bufferutil not expired, no request
118 silly addNameTag next cb for bufferutil with tag latest
119 silly addNamed bufferutil@1.2.1
120 verbose addNamed "1.2.1" is a plain semver version for bufferutil
121 silly mapToRegistry name utf-8-validate
122 silly mapToRegistry using default registry
123 silly mapToRegistry registry https://registry.npmjs.org/
124 silly mapToRegistry data Result {
124 silly mapToRegistry   raw: 'utf-8-validate',
124 silly mapToRegistry   scope: null,
124 silly mapToRegistry   name: 'utf-8-validate',
124 silly mapToRegistry   rawSpec: '',
124 silly mapToRegistry   spec: 'latest',
124 silly mapToRegistry   type: 'tag' }
125 silly mapToRegistry uri https://registry.npmjs.org/utf-8-validate
126 verbose addRemoteTarball https://registry.npmjs.org/utf-8-validate/-/utf-8-validate-1.2.1.tgz not in flight; adding
127 verbose addRemoteTarball [ 'https://registry.npmjs.org/utf-8-validate/-/utf-8-validate-1.2.1.tgz',
127 verbose addRemoteTarball   '44cb7c6eead73d6b40448f71f745904357b9f72c' ]
128 silly mapToRegistry name bufferutil
129 silly mapToRegistry using default registry
130 silly mapToRegistry registry https://registry.npmjs.org/
131 silly mapToRegistry data Result {
131 silly mapToRegistry   raw: 'bufferutil',
131 silly mapToRegistry   scope: null,
131 silly mapToRegistry   name: 'bufferutil',
131 silly mapToRegistry   rawSpec: '',
131 silly mapToRegistry   spec: 'latest',
131 silly mapToRegistry   type: 'tag' }
132 silly mapToRegistry uri https://registry.npmjs.org/bufferutil
133 verbose addRemoteTarball https://registry.npmjs.org/bufferutil/-/bufferutil-1.2.1.tgz not in flight; adding
134 verbose addRemoteTarball [ 'https://registry.npmjs.org/bufferutil/-/bufferutil-1.2.1.tgz',
134 verbose addRemoteTarball   '37be5d36e1e06492221e68d474b1ac58e510cbd7' ]
135 info retry fetch attempt 1 at 12:47:41 PM
136 info attempt registry request try #1 at 12:47:41 PM
137 http fetch GET https://registry.npmjs.org/utf-8-validate/-/utf-8-validate-1.2.1.tgz
138 info retry fetch attempt 1 at 12:47:41 PM
139 info attempt registry request try #1 at 12:47:41 PM
140 http fetch GET https://registry.npmjs.org/bufferutil/-/bufferutil-1.2.1.tgz
141 silly cache afterAdd ws@1.1.1
142 verbose afterAdd C:\Users\yash\AppData\Roaming\npm-cache\ws\1.1.1\package\package.json not in flight; writing
143 verbose correctMkdir C:\Users\yash\AppData\Roaming\npm-cache correctMkdir not in flight; initializing
144 verbose afterAdd C:\Users\yash\AppData\Roaming\npm-cache\ws\1.1.1\package\package.json written
145 http fetch 200 https://registry.npmjs.org/utf-8-validate/-/utf-8-validate-1.2.1.tgz
146 silly fetchAndShaCheck shasum 44cb7c6eead73d6b40448f71f745904357b9f72c
147 http fetch 200 https://registry.npmjs.org/bufferutil/-/bufferutil-1.2.1.tgz
148 verbose addTmpTarball C:\Users\yash\AppData\Local\Temp\npm-10796-6736913d\registry.npmjs.org\utf-8-validate\-\utf-8-validate-1.2.1.tgz not in flight; adding
149 verbose addTmpTarball already have metadata; skipping unpack for utf-8-validate@1.2.1
150 verbose correctMkdir C:\Users\yash\AppData\Roaming\npm-cache correctMkdir not in flight; initializing
151 silly fetchAndShaCheck shasum 37be5d36e1e06492221e68d474b1ac58e510cbd7
152 verbose addTmpTarball C:\Users\yash\AppData\Local\Temp\npm-10796-6736913d\registry.npmjs.org\bufferutil\-\bufferutil-1.2.1.tgz not in flight; adding
153 verbose addTmpTarball already have metadata; skipping unpack for bufferutil@1.2.1
154 verbose correctMkdir C:\Users\yash\AppData\Roaming\npm-cache correctMkdir not in flight; initializing
155 silly cache afterAdd utf-8-validate@1.2.1
156 verbose afterAdd C:\Users\yash\AppData\Roaming\npm-cache\utf-8-validate\1.2.1\package\package.json not in flight; writing
157 verbose correctMkdir C:\Users\yash\AppData\Roaming\npm-cache correctMkdir not in flight; initializing
158 silly cache afterAdd bufferutil@1.2.1
159 verbose afterAdd C:\Users\yash\AppData\Roaming\npm-cache\bufferutil\1.2.1\package\package.json not in flight; writing
160 verbose correctMkdir C:\Users\yash\AppData\Roaming\npm-cache correctMkdir not in flight; initializing
161 verbose afterAdd C:\Users\yash\AppData\Roaming\npm-cache\utf-8-validate\1.2.1\package\package.json written
162 verbose afterAdd C:\Users\yash\AppData\Roaming\npm-cache\bufferutil\1.2.1\package\package.json written
163 silly fetchNamedPackageData bindings
164 silly mapToRegistry name bindings
165 silly mapToRegistry using default registry
166 silly mapToRegistry registry https://registry.npmjs.org/
167 silly mapToRegistry data Result {
167 silly mapToRegistry   raw: 'bindings',
167 silly mapToRegistry   scope: null,
167 silly mapToRegistry   name: 'bindings',
167 silly mapToRegistry   rawSpec: '',
167 silly mapToRegistry   spec: 'latest',
167 silly mapToRegistry   type: 'tag' }
168 silly mapToRegistry uri https://registry.npmjs.org/bindings
169 silly fetchNamedPackageData nan
170 silly mapToRegistry name nan
171 silly mapToRegistry using default registry
172 silly mapToRegistry registry https://registry.npmjs.org/
173 silly mapToRegistry data Result {
173 silly mapToRegistry   raw: 'nan',
173 silly mapToRegistry   scope: null,
173 silly mapToRegistry   name: 'nan',
173 silly mapToRegistry   rawSpec: '',
173 silly mapToRegistry   spec: 'latest',
173 silly mapToRegistry   type: 'tag' }
174 silly mapToRegistry uri https://registry.npmjs.org/nan
175 verbose request uri https://registry.npmjs.org/bindings
176 verbose request no auth needed
177 info attempt registry request try #1 at 12:47:42 PM
178 http request GET https://registry.npmjs.org/bindings
179 verbose request uri https://registry.npmjs.org/nan
180 verbose request no auth needed
181 info attempt registry request try #1 at 12:47:42 PM
182 verbose etag "12RFHNMU7CS3WJ1892HQLM0NB"
183 http request GET https://registry.npmjs.org/nan
184 http 200 https://registry.npmjs.org/bindings
185 verbose headers { server: 'CouchDB/1.5.0 (Erlang OTP/R16B03)',
185 verbose headers   etag: '"33TX4J3DNTGF7K41ZUV6OA182"',
185 verbose headers   'content-type': 'application/json',
185 verbose headers   'content-encoding': 'gzip',
185 verbose headers   'cache-control': 'max-age=300',
185 verbose headers   'content-length': '3804',
185 verbose headers   'accept-ranges': 'bytes',
185 verbose headers   date: 'Fri, 08 Jul 2016 19:47:41 GMT',
185 verbose headers   via: '1.1 varnish',
185 verbose headers   age: '186',
185 verbose headers   connection: 'keep-alive',
185 verbose headers   'x-served-by': 'cache-sjc3123-SJC',
185 verbose headers   'x-cache': 'HIT',
185 verbose headers   'x-cache-hits': '2',
185 verbose headers   'x-timer': 'S1468007261.397369,VS0,VE0',
185 verbose headers   vary: 'Accept-Encoding' }
186 silly get cb [ 200,
186 silly get   { server: 'CouchDB/1.5.0 (Erlang OTP/R16B03)',
186 silly get     etag: '"33TX4J3DNTGF7K41ZUV6OA182"',
186 silly get     'content-type': 'application/json',
186 silly get     'content-encoding': 'gzip',
186 silly get     'cache-control': 'max-age=300',
186 silly get     'content-length': '3804',
186 silly get     'accept-ranges': 'bytes',
186 silly get     date: 'Fri, 08 Jul 2016 19:47:41 GMT',
186 silly get     via: '1.1 varnish',
186 silly get     age: '186',
186 silly get     connection: 'keep-alive',
186 silly get     'x-served-by': 'cache-sjc3123-SJC',
186 silly get     'x-cache': 'HIT',
186 silly get     'x-cache-hits': '2',
186 silly get     'x-timer': 'S1468007261.397369,VS0,VE0',
186 silly get     vary: 'Accept-Encoding' } ]
187 verbose get saving bindings to C:\Users\yash\AppData\Roaming\npm-cache\registry.npmjs.org\bindings\.cache.json
188 verbose correctMkdir C:\Users\yash\AppData\Roaming\npm-cache correctMkdir not in flight; initializing
189 http 304 https://registry.npmjs.org/nan
190 verbose headers { date: 'Fri, 08 Jul 2016 19:47:41 GMT',
190 verbose headers   via: '1.1 varnish',
190 verbose headers   'cache-control': 'max-age=300',
190 verbose headers   etag: '"12RFHNMU7CS3WJ1892HQLM0NB"',
190 verbose headers   age: '36',
190 verbose headers   connection: 'keep-alive',
190 verbose headers   'x-served-by': 'cache-sjc3646-SJC',
190 verbose headers   'x-cache': 'HIT',
190 verbose headers   'x-cache-hits': '1',
190 verbose headers   'x-timer': 'S1468007261.401890,VS0,VE0',
190 verbose headers   vary: 'Accept-Encoding' }
191 silly get cb [ 304,
191 silly get   { date: 'Fri, 08 Jul 2016 19:47:41 GMT',
191 silly get     via: '1.1 varnish',
191 silly get     'cache-control': 'max-age=300',
191 silly get     etag: '"12RFHNMU7CS3WJ1892HQLM0NB"',
191 silly get     age: '36',
191 silly get     connection: 'keep-alive',
191 silly get     'x-served-by': 'cache-sjc3646-SJC',
191 silly get     'x-cache': 'HIT',
191 silly get     'x-cache-hits': '1',
191 silly get     'x-timer': 'S1468007261.401890,VS0,VE0',
191 silly get     vary: 'Accept-Encoding' } ]
192 verbose etag https://registry.npmjs.org/nan from cache
193 verbose get saving nan to C:\Users\yash\AppData\Roaming\npm-cache\registry.npmjs.org\nan\.cache.json
194 verbose correctMkdir C:\Users\yash\AppData\Roaming\npm-cache correctMkdir not in flight; initializing
195 silly resolveWithNewModule bindings@1.2.1 checking installable status
196 silly cache add args [ 'bindings@1.2.x', null ]
197 verbose cache add spec bindings@1.2.x
198 silly cache add parsed spec Result {
198 silly cache add   raw: 'bindings@1.2.x',
198 silly cache add   scope: null,
198 silly cache add   name: 'bindings',
198 silly cache add   rawSpec: '1.2.x',
198 silly cache add   spec: '>=1.2.0 <1.3.0',
198 silly cache add   type: 'range' }
199 silly addNamed bindings@>=1.2.0 <1.3.0
200 verbose addNamed ">=1.2.0 <1.3.0" is a valid semver range for bindings
201 silly addNameRange { name: 'bindings', range: '>=1.2.0 <1.3.0', hasData: false }
202 silly mapToRegistry name bindings
203 silly mapToRegistry using default registry
204 silly mapToRegistry registry https://registry.npmjs.org/
205 silly mapToRegistry data Result {
205 silly mapToRegistry   raw: 'bindings',
205 silly mapToRegistry   scope: null,
205 silly mapToRegistry   name: 'bindings',
205 silly mapToRegistry   rawSpec: '',
205 silly mapToRegistry   spec: 'latest',
205 silly mapToRegistry   type: 'tag' }
206 silly mapToRegistry uri https://registry.npmjs.org/bindings
207 verbose addNameRange registry:https://registry.npmjs.org/bindings not in flight; fetching
208 silly resolveWithNewModule nan@2.3.5 checking installable status
209 silly cache add args [ 'nan@^2.0.5', null ]
210 verbose cache add spec nan@^2.0.5
211 silly cache add parsed spec Result {
211 silly cache add   raw: 'nan@^2.0.5',
211 silly cache add   scope: null,
211 silly cache add   name: 'nan',
211 silly cache add   rawSpec: '^2.0.5',
211 silly cache add   spec: '>=2.0.5 <3.0.0',
211 silly cache add   type: 'range' }
212 silly addNamed nan@>=2.0.5 <3.0.0
213 verbose addNamed ">=2.0.5 <3.0.0" is a valid semver range for nan
214 silly addNameRange { name: 'nan', range: '>=2.0.5 <3.0.0', hasData: false }
215 silly mapToRegistry name nan
216 silly mapToRegistry using default registry
217 silly mapToRegistry registry https://registry.npmjs.org/
218 silly mapToRegistry data Result {
218 silly mapToRegistry   raw: 'nan',
218 silly mapToRegistry   scope: null,
218 silly mapToRegistry   name: 'nan',
218 silly mapToRegistry   rawSpec: '',
218 silly mapToRegistry   spec: 'latest',
218 silly mapToRegistry   type: 'tag' }
219 silly mapToRegistry uri https://registry.npmjs.org/nan
220 verbose addNameRange registry:https://registry.npmjs.org/nan not in flight; fetching
221 verbose get https://registry.npmjs.org/bindings not expired, no request
222 silly addNameRange number 2 { name: 'bindings', range: '>=1.2.0 <1.3.0', hasData: true }
223 silly addNameRange versions [ 'bindings',
223 silly addNameRange   [ '0.0.1',
223 silly addNameRange     '0.1.0',
223 silly addNameRange     '0.1.1',
223 silly addNameRange     '0.2.0',
223 silly addNameRange     '0.2.1',
223 silly addNameRange     '0.2.2',
223 silly addNameRange     '0.2.3',
223 silly addNameRange     '0.2.4',
223 silly addNameRange     '0.3.0',
223 silly addNameRange     '0.4.0',
223 silly addNameRange     '1.0.0',
223 silly addNameRange     '1.1.0',
223 silly addNameRange     '1.1.1',
223 silly addNameRange     '1.2.0',
223 silly addNameRange     '1.2.1' ] ]
224 silly addNamed bindings@1.2.1
225 verbose addNamed "1.2.1" is a plain semver version for bindings
226 verbose get https://registry.npmjs.org/nan not expired, no request
227 silly addNameRange number 2 { name: 'nan', range: '>=2.0.5 <3.0.0', hasData: true }
228 silly addNameRange versions [ 'nan',
228 silly addNameRange   [ '0.3.0-wip',
228 silly addNameRange     '0.3.0-wip2',
228 silly addNameRange     '0.3.0',
228 silly addNameRange     '0.3.1',
228 silly addNameRange     '0.3.2',
228 silly addNameRange     '0.4.0',
228 silly addNameRange     '0.4.1',
228 silly addNameRange     '0.4.2',
228 silly addNameRange     '0.4.3',
228 silly addNameRange     '0.4.4',
228 silly addNameRange     '0.5.0',
228 silly addNameRange     '0.5.1',
228 silly addNameRange     '0.5.2',
228 silly addNameRange     '0.6.0',
228 silly addNameRange     '0.7.0',
228 silly addNameRange     '0.7.1',
228 silly addNameRange     '0.8.0',
228 silly addNameRange     '1.0.0',
228 silly addNameRange     '1.1.0',
228 silly addNameRange     '1.1.1',
228 silly addNameRange     '1.1.2',
228 silly addNameRange     '1.2.0',
228 silly addNameRange     '1.3.0',
228 silly addNameRange     '1.4.0',
228 silly addNameRange     '1.4.1',
228 silly addNameRange     '1.5.0',
228 silly addNameRange     '1.4.2',
228 silly addNameRange     '1.4.3',
228 silly addNameRange     '1.5.1',
228 silly addNameRange     '1.5.2',
228 silly addNameRange     '1.6.0',
228 silly addNameRange     '1.5.3',
228 silly addNameRange     '1.6.1',
228 silly addNameRange     '1.6.2',
228 silly addNameRange     '1.7.0',
228 silly addNameRange     '1.8.0',
228 silly addNameRange     '1.8.1',
228 silly addNameRange     '1.8.2',
228 silly addNameRange     '1.8.3',
228 silly addNameRange     '1.8.4',
228 silly addNameRange     '1.9.0',
228 silly addNameRange     '2.0.0',
228 silly addNameRange     '2.0.1',
228 silly addNameRange     '2.0.2',
228 silly addNameRange     '2.0.3',
228 silly addNameRange     '2.0.4',
228 silly addNameRange     '2.0.5',
228 silly addNameRange     '2.0.6',
228 silly addNameRange     '2.0.7',
228 silly addNameRange     '2.0.8',
228 silly addNameRange     '2.0.9',
228 silly addNameRange     '2.1.0',
228 silly addNameRange     '2.2.0',
228 silly addNameRange     '2.2.1',
228 silly addNameRange     '2.3.0',
228 silly addNameRange     '2.3.1',
228 silly addNameRange     '2.3.2',
228 silly addNameRange     '2.3.3',
228 silly addNameRange     '2.3.4',
228 silly addNameRange     '2.3.5' ] ]
229 silly addNamed nan@2.3.5
230 verbose addNamed "2.3.5" is a plain semver version for nan
231 silly mapToRegistry name bindings
232 silly mapToRegistry using default registry
233 silly mapToRegistry registry https://registry.npmjs.org/
234 silly mapToRegistry data Result {
234 silly mapToRegistry   raw: 'bindings',
234 silly mapToRegistry   scope: null,
234 silly mapToRegistry   name: 'bindings',
234 silly mapToRegistry   rawSpec: '',
234 silly mapToRegistry   spec: 'latest',
234 silly mapToRegistry   type: 'tag' }
235 silly mapToRegistry uri https://registry.npmjs.org/bindings
236 verbose addRemoteTarball https://registry.npmjs.org/bindings/-/bindings-1.2.1.tgz not in flight; adding
237 verbose addRemoteTarball [ 'https://registry.npmjs.org/bindings/-/bindings-1.2.1.tgz',
237 verbose addRemoteTarball   '14ad6113812d2d37d72e67b4cacb4bb726505f11' ]
238 silly mapToRegistry name nan
239 silly mapToRegistry using default registry
240 silly mapToRegistry registry https://registry.npmjs.org/
241 silly mapToRegistry data Result {
241 silly mapToRegistry   raw: 'nan',
241 silly mapToRegistry   scope: null,
241 silly mapToRegistry   name: 'nan',
241 silly mapToRegistry   rawSpec: '',
241 silly mapToRegistry   spec: 'latest',
241 silly mapToRegistry   type: 'tag' }
242 silly mapToRegistry uri https://registry.npmjs.org/nan
243 verbose addRemoteTarball https://registry.npmjs.org/nan/-/nan-2.3.5.tgz not in flight; adding
244 verbose addRemoteTarball [ 'https://registry.npmjs.org/nan/-/nan-2.3.5.tgz',
244 verbose addRemoteTarball   '822a0dc266290ce4cd3a12282ca3e7e364668a08' ]
245 info retry fetch attempt 1 at 12:47:42 PM
246 info attempt registry request try #1 at 12:47:42 PM
247 http fetch GET https://registry.npmjs.org/bindings/-/bindings-1.2.1.tgz
248 info retry fetch attempt 1 at 12:47:42 PM
249 info attempt registry request try #1 at 12:47:42 PM
250 http fetch GET https://registry.npmjs.org/nan/-/nan-2.3.5.tgz
251 http fetch 200 https://registry.npmjs.org/nan/-/nan-2.3.5.tgz
252 http fetch 200 https://registry.npmjs.org/bindings/-/bindings-1.2.1.tgz
253 silly fetchAndShaCheck shasum 14ad6113812d2d37d72e67b4cacb4bb726505f11
254 verbose addTmpTarball C:\Users\yash\AppData\Local\Temp\npm-10796-6736913d\registry.npmjs.org\bindings\-\bindings-1.2.1.tgz not in flight; adding
255 verbose addTmpTarball already have metadata; skipping unpack for bindings@1.2.1
256 verbose correctMkdir C:\Users\yash\AppData\Roaming\npm-cache correctMkdir not in flight; initializing
257 silly cache afterAdd bindings@1.2.1
258 verbose afterAdd C:\Users\yash\AppData\Roaming\npm-cache\bindings\1.2.1\package\package.json not in flight; writing
259 verbose correctMkdir C:\Users\yash\AppData\Roaming\npm-cache correctMkdir not in flight; initializing
260 verbose afterAdd C:\Users\yash\AppData\Roaming\npm-cache\bindings\1.2.1\package\package.json written
261 silly fetchAndShaCheck shasum 822a0dc266290ce4cd3a12282ca3e7e364668a08
262 verbose addTmpTarball C:\Users\yash\AppData\Local\Temp\npm-10796-6736913d\registry.npmjs.org\nan\-\nan-2.3.5.tgz not in flight; adding
263 verbose addTmpTarball already have metadata; skipping unpack for nan@2.3.5
264 verbose correctMkdir C:\Users\yash\AppData\Roaming\npm-cache correctMkdir not in flight; initializing
265 silly cache afterAdd nan@2.3.5
266 verbose afterAdd C:\Users\yash\AppData\Roaming\npm-cache\nan\2.3.5\package\package.json not in flight; writing
267 verbose correctMkdir C:\Users\yash\AppData\Roaming\npm-cache correctMkdir not in flight; initializing
268 verbose afterAdd C:\Users\yash\AppData\Roaming\npm-cache\nan\2.3.5\package\package.json written
269 silly fetchNamedPackageData ultron
270 silly mapToRegistry name ultron
271 silly mapToRegistry using default registry
272 silly mapToRegistry registry https://registry.npmjs.org/
273 silly mapToRegistry data Result {
273 silly mapToRegistry   raw: 'ultron',
273 silly mapToRegistry   scope: null,
273 silly mapToRegistry   name: 'ultron',
273 silly mapToRegistry   rawSpec: '',
273 silly mapToRegistry   spec: 'latest',
273 silly mapToRegistry   type: 'tag' }
274 silly mapToRegistry uri https://registry.npmjs.org/ultron
275 verbose request uri https://registry.npmjs.org/ultron
276 verbose request no auth needed
277 info attempt registry request try #1 at 12:47:42 PM
278 verbose etag "9UUL8YHBQ03CH8Y7XTNPPX1C1"
279 http request GET https://registry.npmjs.org/ultron
280 http 304 https://registry.npmjs.org/ultron
281 verbose headers { date: 'Fri, 08 Jul 2016 19:47:41 GMT',
281 verbose headers   via: '1.1 varnish',
281 verbose headers   'cache-control': 'max-age=300',
281 verbose headers   etag: '"9UUL8YHBQ03CH8Y7XTNPPX1C1"',
281 verbose headers   age: '148',
281 verbose headers   connection: 'keep-alive',
281 verbose headers   'x-served-by': 'cache-sjc3646-SJC',
281 verbose headers   'x-cache': 'HIT',
281 verbose headers   'x-cache-hits': '2',
281 verbose headers   'x-timer': 'S1468007261.642450,VS0,VE0',
281 verbose headers   vary: 'Accept-Encoding' }
282 silly get cb [ 304,
282 silly get   { date: 'Fri, 08 Jul 2016 19:47:41 GMT',
282 silly get     via: '1.1 varnish',
282 silly get     'cache-control': 'max-age=300',
282 silly get     etag: '"9UUL8YHBQ03CH8Y7XTNPPX1C1"',
282 silly get     age: '148',
282 silly get     connection: 'keep-alive',
282 silly get     'x-served-by': 'cache-sjc3646-SJC',
282 silly get     'x-cache': 'HIT',
282 silly get     'x-cache-hits': '2',
282 silly get     'x-timer': 'S1468007261.642450,VS0,VE0',
282 silly get     vary: 'Accept-Encoding' } ]
283 verbose etag https://registry.npmjs.org/ultron from cache
284 verbose get saving ultron to C:\Users\yash\AppData\Roaming\npm-cache\registry.npmjs.org\ultron\.cache.json
285 verbose correctMkdir C:\Users\yash\AppData\Roaming\npm-cache correctMkdir not in flight; initializing
286 silly resolveWithNewModule ultron@1.0.2 checking installable status
287 silly cache add args [ 'ultron@1.0.x', null ]
288 verbose cache add spec ultron@1.0.x
289 silly cache add parsed spec Result {
289 silly cache add   raw: 'ultron@1.0.x',
289 silly cache add   scope: null,
289 silly cache add   name: 'ultron',
289 silly cache add   rawSpec: '1.0.x',
289 silly cache add   spec: '>=1.0.0 <1.1.0',
289 silly cache add   type: 'range' }
290 silly addNamed ultron@>=1.0.0 <1.1.0
291 verbose addNamed ">=1.0.0 <1.1.0" is a valid semver range for ultron
292 silly addNameRange { name: 'ultron', range: '>=1.0.0 <1.1.0', hasData: false }
293 silly mapToRegistry name ultron
294 silly mapToRegistry using default registry
295 silly mapToRegistry registry https://registry.npmjs.org/
296 silly mapToRegistry data Result {
296 silly mapToRegistry   raw: 'ultron',
296 silly mapToRegistry   scope: null,
296 silly mapToRegistry   name: 'ultron',
296 silly mapToRegistry   rawSpec: '',
296 silly mapToRegistry   spec: 'latest',
296 silly mapToRegistry   type: 'tag' }
297 silly mapToRegistry uri https://registry.npmjs.org/ultron
298 verbose addNameRange registry:https://registry.npmjs.org/ultron not in flight; fetching
299 verbose get https://registry.npmjs.org/ultron not expired, no request
300 silly addNameRange number 2 { name: 'ultron', range: '>=1.0.0 <1.1.0', hasData: true }
301 silly addNameRange versions [ 'ultron', [ '0.0.0', '1.0.0', '1.0.1', '1.0.2' ] ]
302 silly addNamed ultron@1.0.2
303 verbose addNamed "1.0.2" is a plain semver version for ultron
304 silly cache afterAdd ultron@1.0.2
305 verbose afterAdd C:\Users\yash\AppData\Roaming\npm-cache\ultron\1.0.2\package\package.json not in flight; writing
306 verbose correctMkdir C:\Users\yash\AppData\Roaming\npm-cache correctMkdir not in flight; initializing
307 verbose afterAdd C:\Users\yash\AppData\Roaming\npm-cache\ultron\1.0.2\package\package.json written
308 silly fetchNamedPackageData ws
309 silly mapToRegistry name ws
310 silly mapToRegistry using default registry
311 silly mapToRegistry registry https://registry.npmjs.org/
312 silly mapToRegistry data Result {
312 silly mapToRegistry   raw: 'ws',
312 silly mapToRegistry   scope: null,
312 silly mapToRegistry   name: 'ws',
312 silly mapToRegistry   rawSpec: '',
312 silly mapToRegistry   spec: 'latest',
312 silly mapToRegistry   type: 'tag' }
313 silly mapToRegistry uri https://registry.npmjs.org/ws
314 silly resolveWithNewModule ws@0.5.0 checking installable status
315 silly cache add args [ 'ws@0.5.0', null ]
316 verbose cache add spec ws@0.5.0
317 silly cache add parsed spec Result {
317 silly cache add   raw: 'ws@0.5.0',
317 silly cache add   scope: null,
317 silly cache add   name: 'ws',
317 silly cache add   rawSpec: '0.5.0',
317 silly cache add   spec: '0.5.0',
317 silly cache add   type: 'version' }
318 silly addNamed ws@0.5.0
319 verbose addNamed "0.5.0" is a plain semver version for ws
320 silly mapToRegistry name ws
321 silly mapToRegistry using default registry
322 silly mapToRegistry registry https://registry.npmjs.org/
323 silly mapToRegistry data Result {
323 silly mapToRegistry   raw: 'ws',
323 silly mapToRegistry   scope: null,
323 silly mapToRegistry   name: 'ws',
323 silly mapToRegistry   rawSpec: '',
323 silly mapToRegistry   spec: 'latest',
323 silly mapToRegistry   type: 'tag' }
324 silly mapToRegistry uri https://registry.npmjs.org/ws
325 verbose addNameVersion registry:https://registry.npmjs.org/ws not in flight; fetching
326 verbose get https://registry.npmjs.org/ws not expired, no request
327 silly cache afterAdd ws@0.5.0
328 verbose afterAdd C:\Users\yash\AppData\Roaming\npm-cache\ws\0.5.0\package\package.json not in flight; writing
329 verbose correctMkdir C:\Users\yash\AppData\Roaming\npm-cache correctMkdir not in flight; initializing
330 verbose afterAdd C:\Users\yash\AppData\Roaming\npm-cache\ws\0.5.0\package\package.json written
331 silly fetchNamedPackageData nan
332 silly mapToRegistry name nan
333 silly mapToRegistry using default registry
334 silly mapToRegistry registry https://registry.npmjs.org/
335 silly mapToRegistry data Result {
335 silly mapToRegistry   raw: 'nan',
335 silly mapToRegistry   scope: null,
335 silly mapToRegistry   name: 'nan',
335 silly mapToRegistry   rawSpec: '',
335 silly mapToRegistry   spec: 'latest',
335 silly mapToRegistry   type: 'tag' }
336 silly mapToRegistry uri https://registry.npmjs.org/nan
337 silly resolveWithNewModule nan@1.4.3 checking installable status
338 silly cache add args [ 'nan@1.4.x', null ]
339 verbose cache add spec nan@1.4.x
340 silly cache add parsed spec Result {
340 silly cache add   raw: 'nan@1.4.x',
340 silly cache add   scope: null,
340 silly cache add   name: 'nan',
340 silly cache add   rawSpec: '1.4.x',
340 silly cache add   spec: '>=1.4.0 <1.5.0',
340 silly cache add   type: 'range' }
341 silly addNamed nan@>=1.4.0 <1.5.0
342 verbose addNamed ">=1.4.0 <1.5.0" is a valid semver range for nan
343 silly addNameRange { name: 'nan', range: '>=1.4.0 <1.5.0', hasData: false }
344 silly mapToRegistry name nan
345 silly mapToRegistry using default registry
346 silly mapToRegistry registry https://registry.npmjs.org/
347 silly mapToRegistry data Result {
347 silly mapToRegistry   raw: 'nan',
347 silly mapToRegistry   scope: null,
347 silly mapToRegistry   name: 'nan',
347 silly mapToRegistry   rawSpec: '',
347 silly mapToRegistry   spec: 'latest',
347 silly mapToRegistry   type: 'tag' }
348 silly mapToRegistry uri https://registry.npmjs.org/nan
349 verbose addNameRange registry:https://registry.npmjs.org/nan not in flight; fetching
350 verbose get https://registry.npmjs.org/nan not expired, no request
351 silly addNameRange number 2 { name: 'nan', range: '>=1.4.0 <1.5.0', hasData: true }
352 silly addNameRange versions [ 'nan',
352 silly addNameRange   [ '0.3.0-wip',
352 silly addNameRange     '0.3.0-wip2',
352 silly addNameRange     '0.3.0',
352 silly addNameRange     '0.3.1',
352 silly addNameRange     '0.3.2',
352 silly addNameRange     '0.4.0',
352 silly addNameRange     '0.4.1',
352 silly addNameRange     '0.4.2',
352 silly addNameRange     '0.4.3',
352 silly addNameRange     '0.4.4',
352 silly addNameRange     '0.5.0',
352 silly addNameRange     '0.5.1',
352 silly addNameRange     '0.5.2',
352 silly addNameRange     '0.6.0',
352 silly addNameRange     '0.7.0',
352 silly addNameRange     '0.7.1',
352 silly addNameRange     '0.8.0',
352 silly addNameRange     '1.0.0',
352 silly addNameRange     '1.1.0',
352 silly addNameRange     '1.1.1',
352 silly addNameRange     '1.1.2',
352 silly addNameRange     '1.2.0',
352 silly addNameRange     '1.3.0',
352 silly addNameRange     '1.4.0',
352 silly addNameRange     '1.4.1',
352 silly addNameRange     '1.5.0',
352 silly addNameRange     '1.4.2',
352 silly addNameRange     '1.4.3',
352 silly addNameRange     '1.5.1',
352 silly addNameRange     '1.5.2',
352 silly addNameRange     '1.6.0',
352 silly addNameRange     '1.5.3',
352 silly addNameRange     '1.6.1',
352 silly addNameRange     '1.6.2',
352 silly addNameRange     '1.7.0',
352 silly addNameRange     '1.8.0',
352 silly addNameRange     '1.8.1',
352 silly addNameRange     '1.8.2',
352 silly addNameRange     '1.8.3',
352 silly addNameRange     '1.8.4',
352 silly addNameRange     '1.9.0',
352 silly addNameRange     '2.0.0',
352 silly addNameRange     '2.0.1',
352 silly addNameRange     '2.0.2',
352 silly addNameRange     '2.0.3',
352 silly addNameRange     '2.0.4',
352 silly addNameRange     '2.0.5',
352 silly addNameRange     '2.0.6',
352 silly addNameRange     '2.0.7',
352 silly addNameRange     '2.0.8',
352 silly addNameRange     '2.0.9',
352 silly addNameRange     '2.1.0',
352 silly addNameRange     '2.2.0',
352 silly addNameRange     '2.2.1',
352 silly addNameRange     '2.3.0',
352 silly addNameRange     '2.3.1',
352 silly addNameRange     '2.3.2',
352 silly addNameRange     '2.3.3',
352 silly addNameRange     '2.3.4',
352 silly addNameRange     '2.3.5' ] ]
353 silly addNamed nan@1.4.3
354 verbose addNamed "1.4.3" is a plain semver version for nan
355 silly cache afterAdd nan@1.4.3
356 verbose afterAdd C:\Users\yash\AppData\Roaming\npm-cache\nan\1.4.3\package\package.json not in flight; writing
357 verbose correctMkdir C:\Users\yash\AppData\Roaming\npm-cache correctMkdir not in flight; initializing
358 verbose afterAdd C:\Users\yash\AppData\Roaming\npm-cache\nan\1.4.3\package\package.json written
359 silly loadAllDepsIntoIdealTree Finishing
360 silly idealTree:prePrune chat@1.0.0
360 silly idealTree:prePrune +-- accepts@1.3.3
360 silly idealTree:prePrune +-- acorn-globals@1.0.9
360 silly idealTree:prePrune +-- acorn@2.7.0
360 silly idealTree:prePrune +-- after@0.8.1
360 silly idealTree:prePrune +-- amdefine@1.0.0
360 silly idealTree:prePrune +-- array-flatten@1.1.1
360 silly idealTree:prePrune +-- arraybuffer.slice@0.0.6
360 silly idealTree:prePrune +-- backo2@1.0.2
360 silly idealTree:prePrune +-- base64-arraybuffer@0.1.2
360 silly idealTree:prePrune +-- base64id@0.1.0
360 silly idealTree:prePrune +-- benchmark@1.0.0
360 silly idealTree:prePrune +-- better-assert@1.0.2
360 silly idealTree:prePrune +-- bindings@1.2.1
360 silly idealTree:prePrune +-- blob@0.0.2
360 silly idealTree:prePrune +-- bufferutil@1.2.1
360 silly idealTree:prePrune +-- callsite@1.0.0
360 silly idealTree:prePrune +-- character-parser@1.2.1
360 silly idealTree:prePrune +-- commander@0.6.1
360 silly idealTree:prePrune +-- component-bind@1.0.0
360 silly idealTree:prePrune +-- component-emitter@1.1.2
360 silly idealTree:prePrune +-- component-inherit@0.0.3
360 silly idealTree:prePrune +-- constantinople@3.0.2
360 silly idealTree:prePrune +-- content-disposition@0.5.1
360 silly idealTree:prePrune +-- content-type@1.0.2
360 silly idealTree:prePrune +-- cookie-signature@1.0.6
360 silly idealTree:prePrune +-- cookie@0.3.1
360 silly idealTree:prePrune +-- css-parse@1.0.4
360 silly idealTree:prePrune +-- css-stringify@1.0.5
360 silly idealTree:prePrune +-- css@1.0.8
360 silly idealTree:prePrune +-- debug@2.2.0
360 silly idealTree:prePrune +-- depd@1.1.0
360 silly idealTree:prePrune +-- destroy@1.0.4
360 silly idealTree:prePrune +-- ee-first@1.1.1
360 silly idealTree:prePrune +-- encodeurl@1.0.1
360 silly idealTree:prePrune +-- engine.io-client@1.5.1
360 silly idealTree:prePrune | +-- debug@1.0.4
360 silly idealTree:prePrune | +-- ms@0.6.2
360 silly idealTree:prePrune | +-- nan@0.3.2
360 silly idealTree:prePrune | +-- parseuri@0.0.4
360 silly idealTree:prePrune | `-- ws@0.4.31
360 silly idealTree:prePrune +-- engine.io-parser@1.2.1
360 silly idealTree:prePrune +-- engine.io@1.5.1
360 silly idealTree:prePrune | +-- debug@1.0.3
360 silly idealTree:prePrune | +-- ms@0.6.2
360 silly idealTree:prePrune | +-- nan@1.4.3
360 silly idealTree:prePrune | `-- ws@0.5.0
360 silly idealTree:prePrune +-- escape-html@1.0.3
360 silly idealTree:prePrune +-- etag@1.7.0
360 silly idealTree:prePrune +-- express@4.14.0
360 silly idealTree:prePrune +-- finalhandler@0.5.0
360 silly idealTree:prePrune +-- forwarded@0.1.0
360 silly idealTree:prePrune +-- fresh@0.3.0
360 silly idealTree:prePrune +-- global@2.0.1
360 silly idealTree:prePrune +-- has-binary-data@0.1.3
360 silly idealTree:prePrune +-- has-binary@0.1.5
360 silly idealTree:prePrune +-- has-cors@1.0.3
360 silly idealTree:prePrune +-- http-errors@1.5.0
360 silly idealTree:prePrune +-- indexof@0.0.1
360 silly idealTree:prePrune +-- inherits@2.0.1
360 silly idealTree:prePrune +-- ipaddr.js@1.1.1
360 silly idealTree:prePrune +-- is-promise@1.0.1
360 silly idealTree:prePrune +-- isarray@0.0.1
360 silly idealTree:prePrune +-- jade@1.9.2
360 silly idealTree:prePrune | `-- commander@2.6.0
360 silly idealTree:prePrune +-- json3@3.2.6
360 silly idealTree:prePrune +-- media-typer@0.3.0
360 silly idealTree:prePrune +-- merge-descriptors@1.0.1
360 silly idealTree:prePrune +-- methods@1.1.2
360 silly idealTree:prePrune +-- mime-db@1.23.0
360 silly idealTree:prePrune +-- mime-types@2.1.11
360 silly idealTree:prePrune +-- mime@1.3.4
360 silly idealTree:prePrune +-- minimist@0.0.8
360 silly idealTree:prePrune +-- mkdirp@0.5.1
360 silly idealTree:prePrune +-- ms@0.7.1
360 silly idealTree:prePrune +-- nan@2.3.5
360 silly idealTree:prePrune +-- negotiator@0.6.1
360 silly idealTree:prePrune +-- object-component@0.0.3
360 silly idealTree:prePrune +-- object-keys@1.0.1
360 silly idealTree:prePrune +-- on-finished@2.3.0
360 silly idealTree:prePrune +-- optimist@0.3.7
360 silly idealTree:prePrune +-- options@0.0.6
360 silly idealTree:prePrune +-- parsejson@0.0.1
360 silly idealTree:prePrune +-- parseqs@0.0.2
360 silly idealTree:prePrune +-- parseuri@0.0.2
360 silly idealTree:prePrune +-- parseurl@1.3.1
360 silly idealTree:prePrune +-- path-to-regexp@0.1.7
360 silly idealTree:prePrune +-- promise@2.0.0
360 silly idealTree:prePrune +-- proxy-addr@1.1.2
360 silly idealTree:prePrune +-- qs@6.2.0
360 silly idealTree:prePrune +-- range-parser@1.2.0
360 silly idealTree:prePrune +-- send@0.14.1
360 silly idealTree:prePrune +-- serve-static@1.11.1
360 silly idealTree:prePrune +-- setprototypeof@1.0.1
360 silly idealTree:prePrune +-- socket.io-adapter@0.3.1
360 silly idealTree:prePrune | +-- debug@1.0.2
360 silly idealTree:prePrune | +-- ms@0.6.2
360 silly idealTree:prePrune | `-- socket.io-parser@2.2.2
360 silly idealTree:prePrune |   `-- debug@0.7.4
360 silly idealTree:prePrune +-- socket.io-client@1.3.4
360 silly idealTree:prePrune | +-- debug@0.7.4
360 silly idealTree:prePrune | `-- has-binary@0.1.6
360 silly idealTree:prePrune +-- socket.io-parser@2.2.3
360 silly idealTree:prePrune | `-- debug@0.7.4
360 silly idealTree:prePrune +-- socket.io@1.3.4
360 silly idealTree:prePrune | +-- debug@2.1.0
360 silly idealTree:prePrune | `-- ms@0.6.2
360 silly idealTree:prePrune +-- source-map@0.1.43
360 silly idealTree:prePrune +-- statuses@1.3.0
360 silly idealTree:prePrune +-- tinycolor@0.0.1
360 silly idealTree:prePrune +-- to-array@0.1.3
360 silly idealTree:prePrune +-- transformers@2.1.0
360 silly idealTree:prePrune +-- type-is@1.6.13
360 silly idealTree:prePrune +-- uglify-js@2.2.5
360 silly idealTree:prePrune +-- ultron@1.0.2
360 silly idealTree:prePrune +-- unpipe@1.0.0
360 silly idealTree:prePrune +-- utf-8-validate@1.2.1
360 silly idealTree:prePrune +-- utf8@2.0.0
360 silly idealTree:prePrune +-- utils-merge@1.0.0
360 silly idealTree:prePrune +-- vary@1.1.0
360 silly idealTree:prePrune +-- void-elements@2.0.1
360 silly idealTree:prePrune +-- with@4.0.3
360 silly idealTree:prePrune | `-- acorn@1.2.2
360 silly idealTree:prePrune +-- wordwrap@0.0.3
360 silly idealTree:prePrune +-- ws@1.1.1
360 silly idealTree:prePrune `-- xmlhttprequest@1.5.0
361 silly loadIdealTree Finishing
362 silly currentTree chat@1.0.0
362 silly currentTree +-- accepts@1.3.3
362 silly currentTree +-- acorn-globals@1.0.9
362 silly currentTree +-- acorn@2.7.0
362 silly currentTree +-- after@0.8.1
362 silly currentTree +-- amdefine@1.0.0
362 silly currentTree +-- array-flatten@1.1.1
362 silly currentTree +-- arraybuffer.slice@0.0.6
362 silly currentTree +-- backo2@1.0.2
362 silly currentTree +-- base64-arraybuffer@0.1.2
362 silly currentTree +-- base64id@0.1.0
362 silly currentTree +-- benchmark@1.0.0
362 silly currentTree +-- better-assert@1.0.2
362 silly currentTree +-- blob@0.0.2
362 silly currentTree +-- callsite@1.0.0
362 silly currentTree +-- character-parser@1.2.1
362 silly currentTree +-- commander@0.6.1
362 silly currentTree +-- component-bind@1.0.0
362 silly currentTree +-- component-emitter@1.1.2
362 silly currentTree +-- component-inherit@0.0.3
362 silly currentTree +-- constantinople@3.0.2
362 silly currentTree +-- content-disposition@0.5.1
362 silly currentTree +-- content-type@1.0.2
362 silly currentTree +-- cookie-signature@1.0.6
362 silly currentTree +-- cookie@0.3.1
362 silly currentTree +-- css-parse@1.0.4
362 silly currentTree +-- css-stringify@1.0.5
362 silly currentTree +-- css@1.0.8
362 silly currentTree +-- debug@2.2.0
362 silly currentTree +-- depd@1.1.0
362 silly currentTree +-- destroy@1.0.4
362 silly currentTree +-- ee-first@1.1.1
362 silly currentTree +-- encodeurl@1.0.1
362 silly currentTree +-- engine.io-client@1.5.1
362 silly currentTree | +-- debug@1.0.4
362 silly currentTree | +-- ms@0.6.2
362 silly currentTree | +-- nan@0.3.2
362 silly currentTree | +-- parseuri@0.0.4
362 silly currentTree | `-- ws@0.4.31
362 silly currentTree +-- engine.io-parser@1.2.1
362 silly currentTree +-- engine.io@1.5.1
362 silly currentTree | +-- debug@1.0.3
362 silly currentTree | `-- ms@0.6.2
362 silly currentTree +-- escape-html@1.0.3
362 silly currentTree +-- etag@1.7.0
362 silly currentTree +-- express@4.14.0
362 silly currentTree +-- finalhandler@0.5.0
362 silly currentTree +-- forwarded@0.1.0
362 silly currentTree +-- fresh@0.3.0
362 silly currentTree +-- global@2.0.1
362 silly currentTree +-- has-binary-data@0.1.3
362 silly currentTree +-- has-binary@0.1.5
362 silly currentTree +-- has-cors@1.0.3
362 silly currentTree +-- http-errors@1.5.0
362 silly currentTree +-- indexof@0.0.1
362 silly currentTree +-- inherits@2.0.1
362 silly currentTree +-- ipaddr.js@1.1.1
362 silly currentTree +-- is-promise@1.0.1
362 silly currentTree +-- isarray@0.0.1
362 silly currentTree +-- jade@1.9.2
362 silly currentTree | `-- commander@2.6.0
362 silly currentTree +-- json3@3.2.6
362 silly currentTree +-- media-typer@0.3.0
362 silly currentTree +-- merge-descriptors@1.0.1
362 silly currentTree +-- methods@1.1.2
362 silly currentTree +-- mime-db@1.23.0
362 silly currentTree +-- mime-types@2.1.11
362 silly currentTree +-- mime@1.3.4
362 silly currentTree +-- minimist@0.0.8
362 silly currentTree +-- mkdirp@0.5.1
362 silly currentTree +-- ms@0.7.1
362 silly currentTree +-- nan@1.4.3
362 silly currentTree +-- negotiator@0.6.1
362 silly currentTree +-- object-component@0.0.3
362 silly currentTree +-- object-keys@1.0.1
362 silly currentTree +-- on-finished@2.3.0
362 silly currentTree +-- optimist@0.3.7
362 silly currentTree +-- options@0.0.6
362 silly currentTree +-- parsejson@0.0.1
362 silly currentTree +-- parseqs@0.0.2
362 silly currentTree +-- parseuri@0.0.2
362 silly currentTree +-- parseurl@1.3.1
362 silly currentTree +-- path-to-regexp@0.1.7
362 silly currentTree +-- promise@2.0.0
362 silly currentTree +-- proxy-addr@1.1.2
362 silly currentTree +-- qs@6.2.0
362 silly currentTree +-- range-parser@1.2.0
362 silly currentTree +-- send@0.14.1
362 silly currentTree +-- serve-static@1.11.1
362 silly currentTree +-- setprototypeof@1.0.1
362 silly currentTree +-- socket.io-adapter@0.3.1
362 silly currentTree | +-- debug@1.0.2
362 silly currentTree | +-- ms@0.6.2
362 silly currentTree | `-- socket.io-parser@2.2.2
362 silly currentTree |   `-- debug@0.7.4
362 silly currentTree +-- socket.io-client@1.3.4
362 silly currentTree | +-- debug@0.7.4
362 silly currentTree | `-- has-binary@0.1.6
362 silly currentTree +-- socket.io-parser@2.2.3
362 silly currentTree | `-- debug@0.7.4
362 silly currentTree +-- socket.io@1.3.4
362 silly currentTree | +-- debug@2.1.0
362 silly currentTree | `-- ms@0.6.2
362 silly currentTree +-- source-map@0.1.43
362 silly currentTree +-- statuses@1.3.0
362 silly currentTree +-- tinycolor@0.0.1
362 silly currentTree +-- to-array@0.1.3
362 silly currentTree +-- transformers@2.1.0
362 silly currentTree +-- type-is@1.6.13
362 silly currentTree +-- uglify-js@2.2.5
362 silly currentTree +-- ultron@1.0.2
362 silly currentTree +-- unpipe@1.0.0
362 silly currentTree +-- utf8@2.0.0
362 silly currentTree +-- utils-merge@1.0.0
362 silly currentTree +-- vary@1.1.0
362 silly currentTree +-- void-elements@2.0.1
362 silly currentTree +-- with@4.0.3
362 silly currentTree | `-- acorn@1.2.2
362 silly currentTree +-- wordwrap@0.0.3
362 silly currentTree +-- ws@0.5.0
362 silly currentTree `-- xmlhttprequest@1.5.0
363 silly idealTree chat@1.0.0
363 silly idealTree +-- accepts@1.3.3
363 silly idealTree +-- acorn-globals@1.0.9
363 silly idealTree +-- acorn@2.7.0
363 silly idealTree +-- after@0.8.1
363 silly idealTree +-- amdefine@1.0.0
363 silly idealTree +-- array-flatten@1.1.1
363 silly idealTree +-- arraybuffer.slice@0.0.6
363 silly idealTree +-- backo2@1.0.2
363 silly idealTree +-- base64-arraybuffer@0.1.2
363 silly idealTree +-- base64id@0.1.0
363 silly idealTree +-- benchmark@1.0.0
363 silly idealTree +-- better-assert@1.0.2
363 silly idealTree +-- bindings@1.2.1
363 silly idealTree +-- blob@0.0.2
363 silly idealTree +-- bufferutil@1.2.1
363 silly idealTree +-- callsite@1.0.0
363 silly idealTree +-- character-parser@1.2.1
363 silly idealTree +-- commander@0.6.1
363 silly idealTree +-- component-bind@1.0.0
363 silly idealTree +-- component-emitter@1.1.2
363 silly idealTree +-- component-inherit@0.0.3
363 silly idealTree +-- constantinople@3.0.2
363 silly idealTree +-- content-disposition@0.5.1
363 silly idealTree +-- content-type@1.0.2
363 silly idealTree +-- cookie-signature@1.0.6
363 silly idealTree +-- cookie@0.3.1
363 silly idealTree +-- css-parse@1.0.4
363 silly idealTree +-- css-stringify@1.0.5
363 silly idealTree +-- css@1.0.8
363 silly idealTree +-- debug@2.2.0
363 silly idealTree +-- depd@1.1.0
363 silly idealTree +-- destroy@1.0.4
363 silly idealTree +-- ee-first@1.1.1
363 silly idealTree +-- encodeurl@1.0.1
363 silly idealTree +-- engine.io-client@1.5.1
363 silly idealTree | +-- debug@1.0.4
363 silly idealTree | +-- ms@0.6.2
363 silly idealTree | +-- nan@0.3.2
363 silly idealTree | +-- parseuri@0.0.4
363 silly idealTree | `-- ws@0.4.31
363 silly idealTree +-- engine.io-parser@1.2.1
363 silly idealTree +-- engine.io@1.5.1
363 silly idealTree | +-- debug@1.0.3
363 silly idealTree | +-- ms@0.6.2
363 silly idealTree | +-- nan@1.4.3
363 silly idealTree | `-- ws@0.5.0
363 silly idealTree +-- escape-html@1.0.3
363 silly idealTree +-- etag@1.7.0
363 silly idealTree +-- express@4.14.0
363 silly idealTree +-- finalhandler@0.5.0
363 silly idealTree +-- forwarded@0.1.0
363 silly idealTree +-- fresh@0.3.0
363 silly idealTree +-- global@2.0.1
363 silly idealTree +-- has-binary-data@0.1.3
363 silly idealTree +-- has-binary@0.1.5
363 silly idealTree +-- has-cors@1.0.3
363 silly idealTree +-- http-errors@1.5.0
363 silly idealTree +-- indexof@0.0.1
363 silly idealTree +-- inherits@2.0.1
363 silly idealTree +-- ipaddr.js@1.1.1
363 silly idealTree +-- is-promise@1.0.1
363 silly idealTree +-- isarray@0.0.1
363 silly idealTree +-- jade@1.9.2
363 silly idealTree | `-- commander@2.6.0
363 silly idealTree +-- json3@3.2.6
363 silly idealTree +-- media-typer@0.3.0
363 silly idealTree +-- merge-descriptors@1.0.1
363 silly idealTree +-- methods@1.1.2
363 silly idealTree +-- mime-db@1.23.0
363 silly idealTree +-- mime-types@2.1.11
363 silly idealTree +-- mime@1.3.4
363 silly idealTree +-- minimist@0.0.8
363 silly idealTree +-- mkdirp@0.5.1
363 silly idealTree +-- ms@0.7.1
363 silly idealTree +-- nan@2.3.5
363 silly idealTree +-- negotiator@0.6.1
363 silly idealTree +-- object-component@0.0.3
363 silly idealTree +-- object-keys@1.0.1
363 silly idealTree +-- on-finished@2.3.0
363 silly idealTree +-- optimist@0.3.7
363 silly idealTree +-- options@0.0.6
363 silly idealTree +-- parsejson@0.0.1
363 silly idealTree +-- parseqs@0.0.2
363 silly idealTree +-- parseuri@0.0.2
363 silly idealTree +-- parseurl@1.3.1
363 silly idealTree +-- path-to-regexp@0.1.7
363 silly idealTree +-- promise@2.0.0
363 silly idealTree +-- proxy-addr@1.1.2
363 silly idealTree +-- qs@6.2.0
363 silly idealTree +-- range-parser@1.2.0
363 silly idealTree +-- send@0.14.1
363 silly idealTree +-- serve-static@1.11.1
363 silly idealTree +-- setprototypeof@1.0.1
363 silly idealTree +-- socket.io-adapter@0.3.1
363 silly idealTree | +-- debug@1.0.2
363 silly idealTree | +-- ms@0.6.2
363 silly idealTree | `-- socket.io-parser@2.2.2
363 silly idealTree |   `-- debug@0.7.4
363 silly idealTree +-- socket.io-client@1.3.4
363 silly idealTree | +-- debug@0.7.4
363 silly idealTree | `-- has-binary@0.1.6
363 silly idealTree +-- socket.io-parser@2.2.3
363 silly idealTree | `-- debug@0.7.4
363 silly idealTree +-- socket.io@1.3.4
363 silly idealTree | +-- debug@2.1.0
363 silly idealTree | `-- ms@0.6.2
363 silly idealTree +-- source-map@0.1.43
363 silly idealTree +-- statuses@1.3.0
363 silly idealTree +-- tinycolor@0.0.1
363 silly idealTree +-- to-array@0.1.3
363 silly idealTree +-- transformers@2.1.0
363 silly idealTree +-- type-is@1.6.13
363 silly idealTree +-- uglify-js@2.2.5
363 silly idealTree +-- ultron@1.0.2
363 silly idealTree +-- unpipe@1.0.0
363 silly idealTree +-- utf-8-validate@1.2.1
363 silly idealTree +-- utf8@2.0.0
363 silly idealTree +-- utils-merge@1.0.0
363 silly idealTree +-- vary@1.1.0
363 silly idealTree +-- void-elements@2.0.1
363 silly idealTree +-- with@4.0.3
363 silly idealTree | `-- acorn@1.2.2
363 silly idealTree +-- wordwrap@0.0.3
363 silly idealTree +-- ws@1.1.1
363 silly idealTree `-- xmlhttprequest@1.5.0
364 silly generateActionsToTake Starting
365 silly install generateActionsToTake
366 silly generateActionsToTake Finishing
367 silly diffTrees action count 7
368 silly diffTrees add bindings@1.2.1
369 silly diffTrees add nan@1.4.3
370 silly diffTrees add ws@0.5.0
371 silly diffTrees update nan@2.3.5
372 silly diffTrees add bufferutil@1.2.1
373 silly diffTrees add utf-8-validate@1.2.1
374 silly diffTrees update ws@1.1.1
375 silly decomposeActions action count 56
376 silly decomposeActions fetch bindings@1.2.1
377 silly decomposeActions extract bindings@1.2.1
378 silly decomposeActions test bindings@1.2.1
379 silly decomposeActions preinstall bindings@1.2.1
380 silly decomposeActions build bindings@1.2.1
381 silly decomposeActions install bindings@1.2.1
382 silly decomposeActions postinstall bindings@1.2.1
383 silly decomposeActions finalize bindings@1.2.1
384 silly decomposeActions fetch nan@1.4.3
385 silly decomposeActions extract nan@1.4.3
386 silly decomposeActions test nan@1.4.3
387 silly decomposeActions preinstall nan@1.4.3
388 silly decomposeActions build nan@1.4.3
389 silly decomposeActions install nan@1.4.3
390 silly decomposeActions postinstall nan@1.4.3
391 silly decomposeActions finalize nan@1.4.3
392 silly decomposeActions fetch ws@0.5.0
393 silly decomposeActions extract ws@0.5.0
394 silly decomposeActions test ws@0.5.0
395 silly decomposeActions preinstall ws@0.5.0
396 silly decomposeActions build ws@0.5.0
397 silly decomposeActions install ws@0.5.0
398 silly decomposeActions postinstall ws@0.5.0
399 silly decomposeActions finalize ws@0.5.0
400 silly decomposeActions fetch nan@2.3.5
401 silly decomposeActions extract nan@2.3.5
402 silly decomposeActions test nan@2.3.5
403 silly decomposeActions preinstall nan@2.3.5
404 silly decomposeActions build nan@2.3.5
405 silly decomposeActions install nan@2.3.5
406 silly decomposeActions postinstall nan@2.3.5
407 silly decomposeActions finalize nan@2.3.5
408 silly decomposeActions fetch bufferutil@1.2.1
409 silly decomposeActions extract bufferutil@1.2.1
410 silly decomposeActions test bufferutil@1.2.1
411 silly decomposeActions preinstall bufferutil@1.2.1
412 silly decomposeActions build bufferutil@1.2.1
413 silly decomposeActions install bufferutil@1.2.1
414 silly decomposeActions postinstall bufferutil@1.2.1
415 silly decomposeActions finalize bufferutil@1.2.1
416 silly decomposeActions fetch utf-8-validate@1.2.1
417 silly decomposeActions extract utf-8-validate@1.2.1
418 silly decomposeActions test utf-8-validate@1.2.1
419 silly decomposeActions preinstall utf-8-validate@1.2.1
420 silly decomposeActions build utf-8-validate@1.2.1
421 silly decomposeActions install utf-8-validate@1.2.1
422 silly decomposeActions postinstall utf-8-validate@1.2.1
423 silly decomposeActions finalize utf-8-validate@1.2.1
424 silly decomposeActions fetch ws@1.1.1
425 silly decomposeActions extract ws@1.1.1
426 silly decomposeActions test ws@1.1.1
427 silly decomposeActions preinstall ws@1.1.1
428 silly decomposeActions build ws@1.1.1
429 silly decomposeActions install ws@1.1.1
430 silly decomposeActions postinstall ws@1.1.1
431 silly decomposeActions finalize ws@1.1.1
432 silly executeActions Starting
433 silly install executeActions
434 silly doSerial global-install 0
435 silly doParallel fetch 7
436 verbose correctMkdir C:\Users\yash\AppData\Roaming\npm-cache\_locks correctMkdir not in flight; initializing
437 verbose lock using C:\Users\yash\AppData\Roaming\npm-cache\_locks\staging-2f0fad5cbb9599de.lock for C:\Users\yash\workspace\Node.js-Chat-master\node_modules\.staging
438 silly doParallel extract 7
439 silly extract bindings@1.2.1
440 silly extract nan@1.4.3
441 silly extract ws@0.5.0
442 silly extract nan@2.3.5
443 silly extract bufferutil@1.2.1
444 silly extract utf-8-validate@1.2.1
445 silly extract ws@1.1.1
446 verbose unbuild node_modules\.staging\ws-728900ab
447 verbose unbuild node_modules\.staging\nan-097192cf
448 verbose unbuild node_modules\.staging\bindings-04d3c8ab
449 verbose unbuild node_modules\.staging\nan-9acb5f3e
450 verbose unbuild node_modules\.staging\bufferutil-4796dbb1
451 verbose unbuild node_modules\.staging\utf-8-validate-5471e23e
452 verbose unbuild node_modules\.staging\ws-21433895
453 silly gentlyRm C:\Users\yash\workspace\Node.js-Chat-master\node_modules\.staging\ws-728900ab is being purged from base C:\Users\yash\workspace\Node.js-Chat-master
454 verbose gentlyRm don't care about contents; nuking C:\Users\yash\workspace\Node.js-Chat-master\node_modules\.staging\ws-728900ab
455 silly gentlyRm C:\Users\yash\workspace\Node.js-Chat-master\node_modules\.staging\nan-097192cf is being purged from base C:\Users\yash\workspace\Node.js-Chat-master
456 verbose gentlyRm don't care about contents; nuking C:\Users\yash\workspace\Node.js-Chat-master\node_modules\.staging\nan-097192cf
457 silly gentlyRm C:\Users\yash\workspace\Node.js-Chat-master\node_modules\.staging\bindings-04d3c8ab is being purged from base C:\Users\yash\workspace\Node.js-Chat-master
458 verbose gentlyRm don't care about contents; nuking C:\Users\yash\workspace\Node.js-Chat-master\node_modules\.staging\bindings-04d3c8ab
459 silly gentlyRm C:\Users\yash\workspace\Node.js-Chat-master\node_modules\.staging\nan-9acb5f3e is being purged from base C:\Users\yash\workspace\Node.js-Chat-master
460 verbose gentlyRm don't care about contents; nuking C:\Users\yash\workspace\Node.js-Chat-master\node_modules\.staging\nan-9acb5f3e
461 silly gentlyRm C:\Users\yash\workspace\Node.js-Chat-master\node_modules\.staging\bufferutil-4796dbb1 is being purged from base C:\Users\yash\workspace\Node.js-Chat-master
462 verbose gentlyRm don't care about contents; nuking C:\Users\yash\workspace\Node.js-Chat-master\node_modules\.staging\bufferutil-4796dbb1
463 verbose tar unpack C:\Users\yash\AppData\Roaming\npm-cache\ws\0.5.0\package.tgz
464 verbose tar unpacking to C:\Users\yash\workspace\Node.js-Chat-master\node_modules\.staging\ws-728900ab
465 silly gentlyRm C:\Users\yash\workspace\Node.js-Chat-master\node_modules\.staging\ws-728900ab is being purged
466 verbose gentlyRm don't care about contents; nuking C:\Users\yash\workspace\Node.js-Chat-master\node_modules\.staging\ws-728900ab
467 verbose tar unpack C:\Users\yash\AppData\Roaming\npm-cache\nan\1.4.3\package.tgz
468 verbose tar unpacking to C:\Users\yash\workspace\Node.js-Chat-master\node_modules\.staging\nan-097192cf
469 silly gentlyRm C:\Users\yash\workspace\Node.js-Chat-master\node_modules\.staging\nan-097192cf is being purged
470 verbose gentlyRm don't care about contents; nuking C:\Users\yash\workspace\Node.js-Chat-master\node_modules\.staging\nan-097192cf
471 verbose tar unpack C:\Users\yash\AppData\Roaming\npm-cache\bindings\1.2.1\package.tgz
472 verbose tar unpacking to C:\Users\yash\workspace\Node.js-Chat-master\node_modules\.staging\bindings-04d3c8ab
473 silly gentlyRm C:\Users\yash\workspace\Node.js-Chat-master\node_modules\.staging\bindings-04d3c8ab is being purged
474 verbose gentlyRm don't care about contents; nuking C:\Users\yash\workspace\Node.js-Chat-master\node_modules\.staging\bindings-04d3c8ab
475 silly gentlyRm C:\Users\yash\workspace\Node.js-Chat-master\node_modules\.staging\utf-8-validate-5471e23e is being purged from base C:\Users\yash\workspace\Node.js-Chat-master
476 verbose gentlyRm don't care about contents; nuking C:\Users\yash\workspace\Node.js-Chat-master\node_modules\.staging\utf-8-validate-5471e23e
477 verbose tar unpack C:\Users\yash\AppData\Roaming\npm-cache\nan\2.3.5\package.tgz
478 verbose tar unpacking to C:\Users\yash\workspace\Node.js-Chat-master\node_modules\.staging\nan-9acb5f3e
479 silly gentlyRm C:\Users\yash\workspace\Node.js-Chat-master\node_modules\.staging\nan-9acb5f3e is being purged
480 verbose gentlyRm don't care about contents; nuking C:\Users\yash\workspace\Node.js-Chat-master\node_modules\.staging\nan-9acb5f3e
481 verbose tar unpack C:\Users\yash\AppData\Roaming\npm-cache\bufferutil\1.2.1\package.tgz
482 verbose tar unpacking to C:\Users\yash\workspace\Node.js-Chat-master\node_modules\.staging\bufferutil-4796dbb1
483 silly gentlyRm C:\Users\yash\workspace\Node.js-Chat-master\node_modules\.staging\bufferutil-4796dbb1 is being purged
484 verbose gentlyRm don't care about contents; nuking C:\Users\yash\workspace\Node.js-Chat-master\node_modules\.staging\bufferutil-4796dbb1
485 silly gentlyRm C:\Users\yash\workspace\Node.js-Chat-master\node_modules\.staging\ws-21433895 is being purged from base C:\Users\yash\workspace\Node.js-Chat-master
486 verbose gentlyRm don't care about contents; nuking C:\Users\yash\workspace\Node.js-Chat-master\node_modules\.staging\ws-21433895
487 silly gunzTarPerm modes [ '777', '666' ]
488 silly gunzTarPerm modes [ '777', '666' ]
489 silly gunzTarPerm modes [ '777', '666' ]
490 verbose tar unpack C:\Users\yash\AppData\Roaming\npm-cache\utf-8-validate\1.2.1\package.tgz
491 verbose tar unpacking to C:\Users\yash\workspace\Node.js-Chat-master\node_modules\.staging\utf-8-validate-5471e23e
492 silly gentlyRm C:\Users\yash\workspace\Node.js-Chat-master\node_modules\.staging\utf-8-validate-5471e23e is being purged
493 verbose gentlyRm don't care about contents; nuking C:\Users\yash\workspace\Node.js-Chat-master\node_modules\.staging\utf-8-validate-5471e23e
494 silly gunzTarPerm modes [ '777', '666' ]
495 silly gunzTarPerm modes [ '777', '666' ]
496 verbose tar unpack C:\Users\yash\AppData\Roaming\npm-cache\ws\1.1.1\package.tgz
497 verbose tar unpacking to C:\Users\yash\workspace\Node.js-Chat-master\node_modules\.staging\ws-21433895
498 silly gentlyRm C:\Users\yash\workspace\Node.js-Chat-master\node_modules\.staging\ws-21433895 is being purged
499 verbose gentlyRm don't care about contents; nuking C:\Users\yash\workspace\Node.js-Chat-master\node_modules\.staging\ws-21433895
500 silly gunzTarPerm modes [ '777', '666' ]
501 silly gunzTarPerm modes [ '777', '666' ]
502 silly gunzTarPerm extractEntry package.json
503 silly gunzTarPerm modified mode [ 'package.json', 420, 438 ]
504 silly gunzTarPerm extractEntry package.json
505 silly gunzTarPerm modified mode [ 'package.json', 436, 438 ]
506 silly gunzTarPerm extractEntry package.json
507 silly gunzTarPerm modified mode [ 'package.json', 420, 438 ]
508 silly gunzTarPerm extractEntry package.json
509 silly gunzTarPerm modified mode [ 'package.json', 420, 438 ]
510 silly gunzTarPerm extractEntry package.json
511 silly gunzTarPerm modified mode [ 'package.json', 436, 438 ]
512 silly gunzTarPerm extractEntry package.json
513 silly gunzTarPerm modified mode [ 'package.json', 420, 438 ]
514 silly gunzTarPerm extractEntry package.json
515 silly gunzTarPerm modified mode [ 'package.json', 420, 438 ]
516 silly gunzTarPerm extractEntry .npmignore
517 silly gunzTarPerm modified mode [ '.npmignore', 420, 438 ]
518 silly gunzTarPerm extractEntry README.md
519 silly gunzTarPerm modified mode [ 'README.md', 420, 438 ]
520 silly gunzTarPerm extractEntry README.md
521 silly gunzTarPerm modified mode [ 'README.md', 436, 438 ]
522 silly gunzTarPerm extractEntry README.md
523 silly gunzTarPerm modified mode [ 'README.md', 420, 438 ]
524 silly gunzTarPerm extractEntry bindings.js
525 silly gunzTarPerm modified mode [ 'bindings.js', 420, 438 ]
526 silly gunzTarPerm extractEntry include_dirs.js
527 silly gunzTarPerm modified mode [ 'include_dirs.js', 420, 438 ]
528 silly gunzTarPerm extractEntry .npmignore
529 silly gunzTarPerm modified mode [ '.npmignore', 420, 438 ]
530 silly gunzTarPerm extractEntry README.md
531 silly gunzTarPerm modified mode [ 'README.md', 420, 438 ]
532 silly gunzTarPerm extractEntry README.md
533 silly gunzTarPerm modified mode [ 'README.md', 436, 438 ]
534 silly gunzTarPerm extractEntry include_dirs.js
535 silly gunzTarPerm modified mode [ 'include_dirs.js', 436, 438 ]
536 silly gunzTarPerm extractEntry .npmignore
537 silly gunzTarPerm modified mode [ '.npmignore', 420, 438 ]
538 silly gunzTarPerm extractEntry README.md
539 silly gunzTarPerm modified mode [ 'README.md', 420, 438 ]
540 silly gunzTarPerm extractEntry .npmignore
541 silly gunzTarPerm modified mode [ '.npmignore', 420, 438 ]
542 silly gunzTarPerm extractEntry README.md
543 silly gunzTarPerm modified mode [ 'README.md', 420, 438 ]
544 silly gunzTarPerm extractEntry index.js
545 silly gunzTarPerm modified mode [ 'index.js', 420, 438 ]
546 silly gunzTarPerm extractEntry builderror.log
547 silly gunzTarPerm modified mode [ 'builderror.log', 420, 438 ]
548 silly gunzTarPerm extractEntry appveyor.yml
549 silly gunzTarPerm modified mode [ 'appveyor.yml', 420, 438 ]
550 silly gunzTarPerm extractEntry LICENSE.md
551 silly gunzTarPerm modified mode [ 'LICENSE.md', 420, 438 ]
552 silly gunzTarPerm extractEntry .dntrc
553 silly gunzTarPerm modified mode [ '.dntrc', 420, 438 ]
554 silly gunzTarPerm extractEntry nan_converters.h
555 silly gunzTarPerm modified mode [ 'nan_converters.h', 436, 438 ]
556 silly gunzTarPerm extractEntry LICENSE.md
557 silly gunzTarPerm modified mode [ 'LICENSE.md', 436, 438 ]
558 silly gunzTarPerm extractEntry doc/node_misc.md
559 silly gunzTarPerm modified mode [ 'doc/node_misc.md', 436, 438 ]
560 silly gunzTarPerm extractEntry fallback.js
561 silly gunzTarPerm modified mode [ 'fallback.js', 420, 438 ]
562 silly gunzTarPerm extractEntry index.js
563 silly gunzTarPerm modified mode [ 'index.js', 420, 438 ]
564 silly gunzTarPerm extractEntry fallback.js
565 silly gunzTarPerm modified mode [ 'fallback.js', 420, 438 ]
566 silly gunzTarPerm extractEntry index.js
567 silly gunzTarPerm modified mode [ 'index.js', 420, 438 ]
568 silly gunzTarPerm extractEntry index.js
569 silly gunzTarPerm modified mode [ 'index.js', 420, 438 ]
570 silly gunzTarPerm extractEntry SECURITY.md
571 silly gunzTarPerm modified mode [ 'SECURITY.md', 420, 438 ]
572 silly gunzTarPerm extractEntry nan.h
573 silly gunzTarPerm modified mode [ 'nan.h', 436, 438 ]
574 silly gunzTarPerm extractEntry doc/asyncworker.md
575 silly gunzTarPerm modified mode [ 'doc/asyncworker.md', 436, 438 ]
576 silly gunzTarPerm extractEntry CHANGELOG.md
577 silly gunzTarPerm modified mode [ 'CHANGELOG.md', 436, 438 ]
578 silly gunzTarPerm extractEntry binding.gyp
579 silly gunzTarPerm modified mode [ 'binding.gyp', 420, 438 ]
580 silly gunzTarPerm extractEntry .travis.yml
581 silly gunzTarPerm modified mode [ '.travis.yml', 420, 438 ]
582 silly gunzTarPerm extractEntry .travis.yml
583 silly gunzTarPerm modified mode [ '.travis.yml', 420, 438 ]
584 silly gunzTarPerm extractEntry binding.gyp
585 silly gunzTarPerm modified mode [ 'binding.gyp', 420, 438 ]
586 silly gunzTarPerm extractEntry binding.gyp
587 silly gunzTarPerm modified mode [ 'binding.gyp', 420, 438 ]
588 silly gunzTarPerm extractEntry .travis.yml
589 silly gunzTarPerm modified mode [ '.travis.yml', 420, 438 ]
590 silly gunzTarPerm extractEntry .travis.yml
591 silly gunzTarPerm modified mode [ '.travis.yml', 420, 438 ]
592 silly gunzTarPerm extractEntry Makefile
593 silly gunzTarPerm modified mode [ 'Makefile', 420, 438 ]
594 silly gunzTarPerm extractEntry doc/callback.md
595 silly gunzTarPerm modified mode [ 'doc/callback.md', 436, 438 ]
596 silly gunzTarPerm extractEntry doc/converters.md
597 silly gunzTarPerm modified mode [ 'doc/converters.md', 436, 438 ]
598 silly gunzTarPerm extractEntry History.md
599 silly gunzTarPerm modified mode [ 'History.md', 420, 438 ]
600 silly gunzTarPerm extractEntry lib/BufferPool.js
601 silly gunzTarPerm modified mode [ 'lib/BufferPool.js', 420, 438 ]
602 silly gunzTarPerm extractEntry lib/ErrorCodes.js
603 silly gunzTarPerm modified mode [ 'lib/ErrorCodes.js', 420, 438 ]
604 silly gunzTarPerm extractEntry lib/Receiver.hixie.js
605 silly gunzTarPerm modified mode [ 'lib/Receiver.hixie.js', 420, 438 ]
606 silly gunzTarPerm extractEntry lib/Receiver.js
607 silly gunzTarPerm modified mode [ 'lib/Receiver.js', 420, 438 ]
608 silly gunzTarPerm extractEntry lib/BufferUtil.js
609 silly gunzTarPerm modified mode [ 'lib/BufferUtil.js', 420, 438 ]
610 silly gunzTarPerm extractEntry lib/Sender.js
611 silly gunzTarPerm modified mode [ 'lib/Sender.js', 420, 438 ]
612 silly gunzTarPerm extractEntry lib/Validation.fallback.js
613 silly gunzTarPerm modified mode [ 'lib/Validation.fallback.js', 420, 438 ]
614 silly gunzTarPerm extractEntry lib/Validation.js
615 silly gunzTarPerm modified mode [ 'lib/Validation.js', 420, 438 ]
616 silly gunzTarPerm extractEntry lib/WebSocket.js
617 silly gunzTarPerm modified mode [ 'lib/WebSocket.js', 420, 438 ]
618 silly gunzTarPerm extractEntry lib/WebSocketServer.js
619 silly gunzTarPerm modified mode [ 'lib/WebSocketServer.js', 420, 438 ]
620 silly gunzTarPerm extractEntry lib/BufferUtil.fallback.js
621 silly gunzTarPerm modified mode [ 'lib/BufferUtil.fallback.js', 420, 438 ]
622 silly gunzTarPerm extractEntry lib/browser.js
623 silly gunzTarPerm modified mode [ 'lib/browser.js', 420, 438 ]
624 silly gunzTarPerm extractEntry lib/Sender.hixie.js
625 silly gunzTarPerm modified mode [ 'lib/Sender.hixie.js', 420, 438 ]
626 silly gunzTarPerm extractEntry Makefile
627 silly gunzTarPerm modified mode [ 'Makefile', 420, 438 ]
628 silly gunzTarPerm extractEntry src/bufferutil.cc
629 silly gunzTarPerm modified mode [ 'src/bufferutil.cc', 420, 438 ]
630 silly gunzTarPerm extractEntry src/validation.cc
631 silly gunzTarPerm modified mode [ 'src/validation.cc', 420, 438 ]
632 silly gunzTarPerm extractEntry wscat/package.json
633 silly gunzTarPerm modified mode [ 'wscat/package.json', 420, 438 ]
634 silly gunzTarPerm extractEntry wscat/README.md
635 silly gunzTarPerm modified mode [ 'wscat/README.md', 420, 438 ]
636 silly gunzTarPerm extractEntry wscat/bin/wscat
637 silly gunzTarPerm modified mode [ 'wscat/bin/wscat', 493, 511 ]
638 silly gunzTarPerm extractEntry src/bufferutil.cc
639 silly gunzTarPerm modified mode [ 'src/bufferutil.cc', 420, 438 ]
640 silly gunzTarPerm extractEntry src/validation.cc
641 silly gunzTarPerm modified mode [ 'src/validation.cc', 420, 438 ]
642 silly gunzTarPerm extractEntry lib/BufferPool.js
643 silly gunzTarPerm modified mode [ 'lib/BufferPool.js', 420, 438 ]
644 silly gunzTarPerm extractEntry doc/errors.md
645 silly gunzTarPerm modified mode [ 'doc/errors.md', 436, 438 ]
646 silly gunzTarPerm extractEntry doc/maybe_types.md
647 silly gunzTarPerm modified mode [ 'doc/maybe_types.md', 436, 438 ]
648 silly gunzTarPerm extractEntry lib/ErrorCodes.js
649 silly gunzTarPerm modified mode [ 'lib/ErrorCodes.js', 420, 438 ]
650 silly gunzTarPerm extractEntry lib/Extensions.js
651 silly gunzTarPerm modified mode [ 'lib/Extensions.js', 420, 438 ]
652 silly gunzTarPerm extractEntry doc/methods.md
653 silly gunzTarPerm modified mode [ 'doc/methods.md', 436, 438 ]
654 silly gunzTarPerm extractEntry doc/new.md
655 silly gunzTarPerm modified mode [ 'doc/new.md', 436, 438 ]
656 silly gentlyRm C:\Users\yash\workspace\Node.js-Chat-master\node_modules\.staging\bindings-04d3c8ab\node_modules is being purged
657 verbose gentlyRm don't care about contents; nuking C:\Users\yash\workspace\Node.js-Chat-master\node_modules\.staging\bindings-04d3c8ab\node_modules
658 silly gunzTarPerm extractEntry doc/buffers.md
659 silly gunzTarPerm modified mode [ 'doc/buffers.md', 436, 438 ]
660 silly gunzTarPerm extractEntry doc/object_wrappers.md
661 silly gunzTarPerm modified mode [ 'doc/object_wrappers.md', 436, 438 ]
662 silly gunzTarPerm extractEntry lib/PerMessageDeflate.js
663 silly gunzTarPerm modified mode [ 'lib/PerMessageDeflate.js', 420, 438 ]
664 silly gunzTarPerm extractEntry lib/Receiver.hixie.js
665 silly gunzTarPerm modified mode [ 'lib/Receiver.hixie.js', 420, 438 ]
666 silly gunzTarPerm extractEntry lib/BufferUtil.js
667 silly gunzTarPerm modified mode [ 'lib/BufferUtil.js', 420, 438 ]
668 silly gunzTarPerm extractEntry lib/Sender.hixie.js
669 silly gunzTarPerm modified mode [ 'lib/Sender.hixie.js', 420, 438 ]
670 silly gunzTarPerm extractEntry doc/persistent.md
671 silly gunzTarPerm modified mode [ 'doc/persistent.md', 436, 438 ]
672 silly gunzTarPerm extractEntry doc/scopes.md
673 silly gunzTarPerm modified mode [ 'doc/scopes.md', 436, 438 ]
674 silly gunzTarPerm extractEntry doc/script.md
675 silly gunzTarPerm modified mode [ 'doc/script.md', 436, 438 ]
676 silly gunzTarPerm extractEntry doc/string_bytes.md
677 silly gunzTarPerm modified mode [ 'doc/string_bytes.md', 436, 438 ]
678 silly gunzTarPerm extractEntry lib/Sender.js
679 silly gunzTarPerm modified mode [ 'lib/Sender.js', 420, 438 ]
680 silly gunzTarPerm extractEntry lib/Validation.fallback.js
681 silly gunzTarPerm modified mode [ 'lib/Validation.fallback.js', 420, 438 ]
682 silly gunzTarPerm extractEntry doc/v8_internals.md
683 silly gunzTarPerm modified mode [ 'doc/v8_internals.md', 436, 438 ]
684 silly gunzTarPerm extractEntry doc/v8_misc.md
685 silly gunzTarPerm modified mode [ 'doc/v8_misc.md', 436, 438 ]
686 silly gunzTarPerm extractEntry lib/Validation.js
687 silly gunzTarPerm modified mode [ 'lib/Validation.js', 420, 438 ]
688 silly gunzTarPerm extractEntry lib/WebSocket.js
689 silly gunzTarPerm modified mode [ 'lib/WebSocket.js', 420, 438 ]
690 silly gentlyRm C:\Users\yash\workspace\Node.js-Chat-master\node_modules\.staging\utf-8-validate-5471e23e\node_modules is being purged
691 verbose gentlyRm don't care about contents; nuking C:\Users\yash\workspace\Node.js-Chat-master\node_modules\.staging\utf-8-validate-5471e23e\node_modules
692 silly gunzTarPerm extractEntry nan.h
693 silly gunzTarPerm modified mode [ 'nan.h', 436, 438 ]
694 silly gunzTarPerm extractEntry nan_callbacks.h
695 silly gunzTarPerm modified mode [ 'nan_callbacks.h', 436, 438 ]
696 silly gunzTarPerm extractEntry nan_callbacks_12_inl.h
697 silly gunzTarPerm modified mode [ 'nan_callbacks_12_inl.h', 436, 438 ]
698 silly gunzTarPerm extractEntry nan_callbacks_pre_12_inl.h
699 silly gunzTarPerm modified mode [ 'nan_callbacks_pre_12_inl.h', 436, 438 ]
700 silly gunzTarPerm extractEntry nan_converters_43_inl.h
701 silly gunzTarPerm modified mode [ 'nan_converters_43_inl.h', 436, 438 ]
702 silly gunzTarPerm extractEntry nan_converters_pre_43_inl.h
703 silly gunzTarPerm modified mode [ 'nan_converters_pre_43_inl.h', 436, 438 ]
704 silly gunzTarPerm extractEntry nan_implementation_12_inl.h
705 silly gunzTarPerm modified mode [ 'nan_implementation_12_inl.h', 436, 438 ]
706 silly gunzTarPerm extractEntry nan_implementation_pre_12_inl.h
707 silly gunzTarPerm modified mode [ 'nan_implementation_pre_12_inl.h', 436, 438 ]
708 silly gunzTarPerm extractEntry nan_maybe_43_inl.h
709 silly gunzTarPerm modified mode [ 'nan_maybe_43_inl.h', 436, 438 ]
710 silly gunzTarPerm extractEntry nan_maybe_pre_43_inl.h
711 silly gunzTarPerm modified mode [ 'nan_maybe_pre_43_inl.h', 436, 438 ]
712 silly gunzTarPerm extractEntry nan_new.h
713 silly gunzTarPerm modified mode [ 'nan_new.h', 436, 438 ]
714 silly gunzTarPerm extractEntry nan_object_wrap.h
715 silly gunzTarPerm modified mode [ 'nan_object_wrap.h', 436, 438 ]
716 silly gunzTarPerm extractEntry nan_persistent_12_inl.h
717 silly gunzTarPerm modified mode [ 'nan_persistent_12_inl.h', 436, 438 ]
718 silly gunzTarPerm extractEntry nan_persistent_pre_12_inl.h
719 silly gunzTarPerm modified mode [ 'nan_persistent_pre_12_inl.h', 436, 438 ]
720 silly gunzTarPerm extractEntry nan_string_bytes.h
721 silly gunzTarPerm modified mode [ 'nan_string_bytes.h', 436, 438 ]
722 silly gunzTarPerm extractEntry nan_typedarray_contents.h
723 silly gunzTarPerm modified mode [ 'nan_typedarray_contents.h', 436, 438 ]
724 silly gunzTarPerm extractEntry nan_weak.h
725 silly gunzTarPerm modified mode [ 'nan_weak.h', 436, 438 ]
726 silly gunzTarPerm extractEntry CHANGELOG.md
727 silly gunzTarPerm modified mode [ 'CHANGELOG.md', 436, 438 ]
728 silly gunzTarPerm extractEntry tools/package.json
729 silly gunzTarPerm modified mode [ 'tools/package.json', 436, 438 ]
730 silly gunzTarPerm extractEntry tools/README.md
731 silly gunzTarPerm modified mode [ 'tools/README.md', 436, 438 ]
732 silly gunzTarPerm extractEntry tools/1to2.js
733 silly gunzTarPerm modified mode [ 'tools/1to2.js', 509, 511 ]
734 silly gentlyRm C:\Users\yash\workspace\Node.js-Chat-master\node_modules\.staging\bufferutil-4796dbb1\node_modules is being purged
735 verbose gentlyRm don't care about contents; nuking C:\Users\yash\workspace\Node.js-Chat-master\node_modules\.staging\bufferutil-4796dbb1\node_modules
736 silly gunzTarPerm extractEntry lib/BufferUtil.fallback.js
737 silly gunzTarPerm modified mode [ 'lib/BufferUtil.fallback.js', 420, 438 ]
738 silly gunzTarPerm extractEntry lib/WebSocketServer.js
739 silly gunzTarPerm modified mode [ 'lib/WebSocketServer.js', 420, 438 ]
740 silly gunzTarPerm extractEntry lib/Receiver.js
741 silly gunzTarPerm modified mode [ 'lib/Receiver.js', 420, 438 ]
742 silly gentlyRm C:\Users\yash\workspace\Node.js-Chat-master\node_modules\.staging\nan-097192cf\node_modules is being purged
743 verbose gentlyRm don't care about contents; nuking C:\Users\yash\workspace\Node.js-Chat-master\node_modules\.staging\nan-097192cf\node_modules
744 silly gentlyRm C:\Users\yash\workspace\Node.js-Chat-master\node_modules\.staging\ws-21433895\node_modules is being purged
745 verbose gentlyRm don't care about contents; nuking C:\Users\yash\workspace\Node.js-Chat-master\node_modules\.staging\ws-21433895\node_modules
746 silly gentlyRm C:\Users\yash\workspace\Node.js-Chat-master\node_modules\.staging\ws-728900ab\node_modules is being purged
747 verbose gentlyRm don't care about contents; nuking C:\Users\yash\workspace\Node.js-Chat-master\node_modules\.staging\ws-728900ab\node_modules
748 silly gentlyRm C:\Users\yash\workspace\Node.js-Chat-master\node_modules\.staging\nan-9acb5f3e\node_modules is being purged
749 verbose gentlyRm don't care about contents; nuking C:\Users\yash\workspace\Node.js-Chat-master\node_modules\.staging\nan-9acb5f3e\node_modules
750 silly doParallel preinstall 7
751 silly preinstall bindings@1.2.1 C:\Users\yash\workspace\Node.js-Chat-master\node_modules\.staging\bindings-04d3c8ab
752 info lifecycle bindings@1.2.1~preinstall: bindings@1.2.1
753 silly preinstall nan@1.4.3 C:\Users\yash\workspace\Node.js-Chat-master\node_modules\.staging\nan-097192cf
754 info lifecycle nan@1.4.3~preinstall: nan@1.4.3
755 silly preinstall ws@0.5.0 C:\Users\yash\workspace\Node.js-Chat-master\node_modules\.staging\ws-728900ab
756 info lifecycle ws@0.5.0~preinstall: ws@0.5.0
757 silly preinstall nan@2.3.5 C:\Users\yash\workspace\Node.js-Chat-master\node_modules\.staging\nan-9acb5f3e
758 info lifecycle nan@2.3.5~preinstall: nan@2.3.5
759 silly preinstall bufferutil@1.2.1 C:\Users\yash\workspace\Node.js-Chat-master\node_modules\.staging\bufferutil-4796dbb1
760 info lifecycle bufferutil@1.2.1~preinstall: bufferutil@1.2.1
761 silly preinstall utf-8-validate@1.2.1 C:\Users\yash\workspace\Node.js-Chat-master\node_modules\.staging\utf-8-validate-5471e23e
762 info lifecycle utf-8-validate@1.2.1~preinstall: utf-8-validate@1.2.1
763 silly preinstall ws@1.1.1 C:\Users\yash\workspace\Node.js-Chat-master\node_modules\.staging\ws-21433895
764 info lifecycle ws@1.1.1~preinstall: ws@1.1.1
765 silly lifecycle bindings@1.2.1~preinstall: no script for preinstall, continuing
766 silly lifecycle ws@0.5.0~preinstall: no script for preinstall, continuing
767 silly lifecycle nan@1.4.3~preinstall: no script for preinstall, continuing
768 silly lifecycle nan@2.3.5~preinstall: no script for preinstall, continuing
769 silly lifecycle bufferutil@1.2.1~preinstall: no script for preinstall, continuing
770 silly lifecycle utf-8-validate@1.2.1~preinstall: no script for preinstall, continuing
771 silly lifecycle ws@1.1.1~preinstall: no script for preinstall, continuing
772 silly doReverseSerial remove 0
773 silly doSerial move 0
774 silly doSerial finalize 7
775 silly finalize C:\Users\yash\workspace\Node.js-Chat-master\node_modules\bindings
776 silly finalize C:\Users\yash\workspace\Node.js-Chat-master\node_modules\engine.io\node_modules\nan
777 silly finalize C:\Users\yash\workspace\Node.js-Chat-master\node_modules\engine.io\node_modules\ws
778 silly finalize C:\Users\yash\workspace\Node.js-Chat-master\node_modules\nan
779 silly finalize C:\Users\yash\workspace\Node.js-Chat-master\node_modules\bufferutil
780 silly finalize C:\Users\yash\workspace\Node.js-Chat-master\node_modules\utf-8-validate
781 silly finalize C:\Users\yash\workspace\Node.js-Chat-master\node_modules\ws
782 silly doSerial build 7
783 silly build bindings@1.2.1
784 info linkStuff bindings@1.2.1
785 silly linkStuff bindings@1.2.1 has C:\Users\yash\workspace\Node.js-Chat-master\node_modules as its parent node_modules
786 verbose linkBins bindings@1.2.1
787 verbose linkMans bindings@1.2.1
788 silly build nan@1.4.3
789 info linkStuff nan@1.4.3
790 silly linkStuff nan@1.4.3 has C:\Users\yash\workspace\Node.js-Chat-master\node_modules\engine.io\node_modules as its parent node_modules
791 verbose linkBins nan@1.4.3
792 verbose linkMans nan@1.4.3
793 silly build ws@0.5.0
794 info linkStuff ws@0.5.0
795 silly linkStuff ws@0.5.0 has C:\Users\yash\workspace\Node.js-Chat-master\node_modules\engine.io\node_modules as its parent node_modules
796 verbose linkBins ws@0.5.0
797 verbose linkMans ws@0.5.0
798 silly build nan@2.3.5
799 info linkStuff nan@2.3.5
800 silly linkStuff nan@2.3.5 has C:\Users\yash\workspace\Node.js-Chat-master\node_modules as its parent node_modules
801 verbose linkBins nan@2.3.5
802 verbose linkMans nan@2.3.5
803 silly build bufferutil@1.2.1
804 info linkStuff bufferutil@1.2.1
805 silly linkStuff bufferutil@1.2.1 has C:\Users\yash\workspace\Node.js-Chat-master\node_modules as its parent node_modules
806 verbose linkBins bufferutil@1.2.1
807 verbose linkMans bufferutil@1.2.1
808 silly build utf-8-validate@1.2.1
809 info linkStuff utf-8-validate@1.2.1
810 silly linkStuff utf-8-validate@1.2.1 has C:\Users\yash\workspace\Node.js-Chat-master\node_modules as its parent node_modules
811 verbose linkBins utf-8-validate@1.2.1
812 verbose linkMans utf-8-validate@1.2.1
813 silly build ws@1.1.1
814 info linkStuff ws@1.1.1
815 silly linkStuff ws@1.1.1 has C:\Users\yash\workspace\Node.js-Chat-master\node_modules as its parent node_modules
816 verbose linkBins ws@1.1.1
817 verbose linkMans ws@1.1.1
818 silly doSerial global-link 0
819 silly doParallel update-linked 0
820 silly doSerial install 7
821 silly install bindings@1.2.1 C:\Users\yash\workspace\Node.js-Chat-master\node_modules\.staging\bindings-04d3c8ab
822 info lifecycle bindings@1.2.1~install: bindings@1.2.1
823 silly lifecycle bindings@1.2.1~install: no script for install, continuing
824 silly install nan@1.4.3 C:\Users\yash\workspace\Node.js-Chat-master\node_modules\.staging\nan-097192cf
825 info lifecycle nan@1.4.3~install: nan@1.4.3
826 silly lifecycle nan@1.4.3~install: no script for install, continuing
827 silly install ws@0.5.0 C:\Users\yash\workspace\Node.js-Chat-master\node_modules\.staging\ws-728900ab
828 info lifecycle ws@0.5.0~install: ws@0.5.0
829 verbose lifecycle ws@0.5.0~install: unsafe-perm in lifecycle true
830 verbose lifecycle ws@0.5.0~install: PATH: C:\Program Files\nodejs\node_modules\npm\bin\node-gyp-bin;C:\Users\yash\workspace\Node.js-Chat-master\node_modules\engine.io\node_modules\ws\node_modules\.bin;C:\Users\yash\workspace\Node.js-Chat-master\node_modules\engine.io\node_modules\.bin;C:\Users\yash\workspace\Node.js-Chat-master\node_modules\.bin;C:\Program Files\nodejs;C:\ProgramData\Oracle\Java\javapath;C:\Program Files (x86)\Intel\iCLS Client\;C:\Program Files\Intel\iCLS Client\;C:\WINDOWS\system32;C:\WINDOWS;C:\WINDOWS\System32\Wbem;C:\WINDOWS\System32\WindowsPowerShell\v1.0\;C:\Program Files\Hewlett-Packard\SimplePass\;C:\Program Files\Intel\Intel(R) Management Engine Components\DAL;C:\Program Files\Intel\Intel(R) Management Engine Components\IPT;C:\Program Files (x86)\Intel\Intel(R) Management Engine Components\DAL;C:\Program Files (x86)\Intel\Intel(R) Management Engine Components\IPT;C:\Program Files\Intel\WiFi\bin\;C:\Program Files\Common Files\Intel\WirelessCommon\;C:\Program Files\nodejs\;C:\Users\yash\AppData\Roaming\npm
831 verbose lifecycle ws@0.5.0~install: CWD: C:\Users\yash\workspace\Node.js-Chat-master\node_modules\engine.io\node_modules\ws
832 silly lifecycle ws@0.5.0~install: Args: [ '/d /s /c',
832 silly lifecycle   '(node-gyp rebuild 2> builderror.log) || (exit 0)' ]
833 silly lifecycle ws@0.5.0~install: Returned: code: 0  signal: null
834 silly install nan@2.3.5 C:\Users\yash\workspace\Node.js-Chat-master\node_modules\.staging\nan-9acb5f3e
835 info lifecycle nan@2.3.5~install: nan@2.3.5
836 silly lifecycle nan@2.3.5~install: no script for install, continuing
837 silly install bufferutil@1.2.1 C:\Users\yash\workspace\Node.js-Chat-master\node_modules\.staging\bufferutil-4796dbb1
838 info lifecycle bufferutil@1.2.1~install: bufferutil@1.2.1
839 verbose lifecycle bufferutil@1.2.1~install: unsafe-perm in lifecycle true
840 verbose lifecycle bufferutil@1.2.1~install: PATH: C:\Program Files\nodejs\node_modules\npm\bin\node-gyp-bin;C:\Users\yash\workspace\Node.js-Chat-master\node_modules\bufferutil\node_modules\.bin;C:\Users\yash\workspace\Node.js-Chat-master\node_modules\.bin;C:\Program Files\nodejs;C:\ProgramData\Oracle\Java\javapath;C:\Program Files (x86)\Intel\iCLS Client\;C:\Program Files\Intel\iCLS Client\;C:\WINDOWS\system32;C:\WINDOWS;C:\WINDOWS\System32\Wbem;C:\WINDOWS\System32\WindowsPowerShell\v1.0\;C:\Program Files\Hewlett-Packard\SimplePass\;C:\Program Files\Intel\Intel(R) Management Engine Components\DAL;C:\Program Files\Intel\Intel(R) Management Engine Components\IPT;C:\Program Files (x86)\Intel\Intel(R) Management Engine Components\DAL;C:\Program Files (x86)\Intel\Intel(R) Management Engine Components\IPT;C:\Program Files\Intel\WiFi\bin\;C:\Program Files\Common Files\Intel\WirelessCommon\;C:\Program Files\nodejs\;C:\Users\yash\AppData\Roaming\npm
841 verbose lifecycle bufferutil@1.2.1~install: CWD: C:\Users\yash\workspace\Node.js-Chat-master\node_modules\bufferutil
842 silly lifecycle bufferutil@1.2.1~install: Args: [ '/d /s /c', 'node-gyp rebuild' ]
843 silly lifecycle bufferutil@1.2.1~install: Returned: code: 1  signal: null
844 info lifecycle bufferutil@1.2.1~install: Failed to exec install script
845 verbose unlock done using C:\Users\yash\AppData\Roaming\npm-cache\_locks\staging-2f0fad5cbb9599de.lock for C:\Users\yash\workspace\Node.js-Chat-master\node_modules\.staging
846 silly rollbackFailedOptional Starting
847 silly rollbackFailedOptional Finishing
848 silly runTopLevelLifecycles Starting
849 silly runTopLevelLifecycles Finishing
850 silly install printInstalled
851 verbose stack Error: bufferutil@1.2.1 install: `node-gyp rebuild`
851 verbose stack Exit status 1
851 verbose stack     at EventEmitter.<anonymous> (C:\Program Files\nodejs\node_modules\npm\lib\utils\lifecycle.js:239:16)
851 verbose stack     at emitTwo (events.js:100:13)
851 verbose stack     at EventEmitter.emit (events.js:185:7)
851 verbose stack     at ChildProcess.<anonymous> (C:\Program Files\nodejs\node_modules\npm\lib\utils\spawn.js:24:14)
851 verbose stack     at emitTwo (events.js:100:13)
851 verbose stack     at ChildProcess.emit (events.js:185:7)
851 verbose stack     at maybeClose (internal/child_process.js:850:16)
851 verbose stack     at Process.ChildProcess._handle.onexit (internal/child_process.js:215:5)
852 verbose pkgid bufferutil@1.2.1
853 verbose cwd C:\Users\yash\workspace\Node.js-Chat-master
854 error Windows_NT 10.0.10586
855 error argv "C:\\Program Files\\nodejs\\node.exe" "C:\\Program Files\\nodejs\\node_modules\\npm\\bin\\npm-cli.js" "install" "--save" "--save-exact" "ws" "bufferutil" "utf-8-validate"
856 error node v5.10.0
857 error npm  v3.8.3
858 error code ELIFECYCLE
859 error bufferutil@1.2.1 install: `node-gyp rebuild`
859 error Exit status 1
860 error Failed at the bufferutil@1.2.1 install script 'node-gyp rebuild'.
860 error Make sure you have the latest version of node.js and npm installed.
860 error If you do, this is most likely a problem with the bufferutil package,
860 error not with npm itself.
860 error Tell the author that this fails on your system:
860 error     node-gyp rebuild
860 error You can get information on how to open an issue for this project with:
860 error     npm bugs bufferutil
860 error Or if that isn't available, you can get their info via:
860 error     npm owner ls bufferutil
860 error There is likely additional logging output above.
861 verbose exit [ 1, true ]
